-------------------------------------------------------------------------------
Test set: evtest.sample.SampleTest
-------------------------------------------------------------------------------
Tests run: 1, Failures: 0, Errors: 1, Skipped: 0, Time elapsed: 8.124 s <<< FAILURE! - in evtest.sample.SampleTest
sampleTest(evtest.sample.SampleTest)  Time elapsed: 0.548 s  <<< ERROR!
java.lang.IllegalArgumentException: Attribute 'valueA' not found on type 'RefType'
	at com.blazebit.persistence.parser.PathTargetResolvingExpressionVisitor.visit(PathTargetResolvingExpressionVisitor.java:243)
	at com.blazebit.persistence.parser.expression.PropertyExpression.accept(PropertyExpression.java:41)
	at com.blazebit.persistence.parser.PathTargetResolvingExpressionVisitor.visit(PathTargetResolvingExpressionVisitor.java:336)
	at com.blazebit.persistence.parser.expression.PathExpression.accept(PathExpression.java:85)
	at com.blazebit.persistence.impl.JpaUtils.getAttributeForJoining(JpaUtils.java:476)
	at com.blazebit.persistence.impl.JoinManager.implicitJoinSingle(JoinManager.java:3556)
	at com.blazebit.persistence.impl.JoinManager.implicitJoin(JoinManager.java:2933)
	at com.blazebit.persistence.impl.JoinVisitor.visit(JoinVisitor.java:268)
	at com.blazebit.persistence.impl.JoinVisitor.visit(JoinVisitor.java:219)
	at com.blazebit.persistence.parser.expression.PathExpression.accept(PathExpression.java:85)
	at com.blazebit.persistence.parser.expression.VisitorAdapter.visit(VisitorAdapter.java:251)
	at com.blazebit.persistence.parser.predicate.LikePredicate.accept(LikePredicate.java:52)
	at com.blazebit.persistence.parser.expression.VisitorAdapter.visit(VisitorAdapter.java:223)
	at com.blazebit.persistence.parser.predicate.CompoundPredicate.accept(CompoundPredicate.java:77)
	at com.blazebit.persistence.impl.PredicateManager.acceptVisitor(PredicateManager.java:246)
	at com.blazebit.persistence.impl.AbstractCommonQueryBuilder.applyImplicitJoins(AbstractCommonQueryBuilder.java:2664)
	at com.blazebit.persistence.impl.AbstractCommonQueryBuilder.prepareAndCheck(AbstractCommonQueryBuilder.java:3586)
	at com.blazebit.persistence.impl.AbstractCommonQueryBuilder.getBaseQueryStringWithCheck(AbstractCommonQueryBuilder.java:2803)
	at com.blazebit.persistence.impl.AbstractCommonQueryBuilder.getTypedQuery(AbstractCommonQueryBuilder.java:2818)
	at com.blazebit.persistence.impl.AbstractQueryBuilder.getQuery(AbstractQueryBuilder.java:52)
	at com.blazebit.persistence.impl.AbstractQueryBuilder.getResultList(AbstractQueryBuilder.java:57)
	at evtest.sample.SampleTest.sampleTest(SampleTest.java:53)
	at java.base/jdk.internal.reflect.NativeMethodAccessorImpl.invoke0(Native Method)
	at java.base/jdk.internal.reflect.NativeMethodAccessorImpl.invoke(NativeMethodAccessorImpl.java:62)
	at java.base/jdk.internal.reflect.DelegatingMethodAccessorImpl.invoke(DelegatingMethodAccessorImpl.java:43)
	at java.base/java.lang.reflect.Method.invoke(Method.java:566)
	at org.junit.runners.model.FrameworkMethod$1.runReflectiveCall(FrameworkMethod.java:59)
	at org.junit.internal.runners.model.ReflectiveCallable.run(ReflectiveCallable.java:12)
	at org.junit.runners.model.FrameworkMethod.invokeExplosively(FrameworkMethod.java:56)
	at org.junit.internal.runners.statements.InvokeMethod.evaluate(InvokeMethod.java:17)
	at org.springframework.test.context.junit4.statements.RunBeforeTestExecutionCallbacks.evaluate(RunBeforeTestExecutionCallbacks.java:74)
	at org.springframework.test.context.junit4.statements.RunAfterTestExecutionCallbacks.evaluate(RunAfterTestExecutionCallbacks.java:84)
	at org.junit.internal.runners.statements.RunBefores.evaluate(RunBefores.java:26)
	at org.springframework.test.context.junit4.statements.RunBeforeTestMethodCallbacks.evaluate(RunBeforeTestMethodCallbacks.java:75)
	at org.springframework.test.context.junit4.statements.RunAfterTestMethodCallbacks.evaluate(RunAfterTestMethodCallbacks.java:86)
	at org.springframework.test.context.junit4.statements.SpringRepeat.evaluate(SpringRepeat.java:84)
	at org.junit.runners.ParentRunner.runLeaf(ParentRunner.java:366)
	at org.springframework.test.context.junit4.SpringJUnit4ClassRunner.runChild(SpringJUnit4ClassRunner.java:251)
	at org.springframework.test.context.junit4.SpringJUnit4ClassRunner.runChild(SpringJUnit4ClassRunner.java:97)
	at org.junit.runners.ParentRunner$4.run(ParentRunner.java:331)
	at org.junit.runners.ParentRunner$1.schedule(ParentRunner.java:79)
	at org.junit.runners.ParentRunner.runChildren(ParentRunner.java:329)
	at org.junit.runners.ParentRunner.access$100(ParentRunner.java:66)
	at org.junit.runners.ParentRunner$2.evaluate(ParentRunner.java:293)
	at org.springframework.test.context.junit4.statements.RunBeforeTestClassCallbacks.evaluate(RunBeforeTestClassCallbacks.java:61)
	at org.springframework.test.context.junit4.statements.RunAfterTestClassCallbacks.evaluate(RunAfterTestClassCallbacks.java:70)
	at org.junit.runners.ParentRunner$3.evaluate(ParentRunner.java:306)
	at org.junit.runners.ParentRunner.run(ParentRunner.java:413)
	at org.springframework.test.context.junit4.SpringJUnit4ClassRunner.run(SpringJUnit4ClassRunner.java:190)
	at org.apache.maven.surefire.junit4.JUnit4Provider.execute(JUnit4Provider.java:365)
	at org.apache.maven.surefire.junit4.JUnit4Provider.executeWithRerun(JUnit4Provider.java:273)
	at org.apache.maven.surefire.junit4.JUnit4Provider.executeTestSet(JUnit4Provider.java:238)
	at org.apache.maven.surefire.junit4.JUnit4Provider.invoke(JUnit4Provider.java:159)
	at org.apache.maven.surefire.booter.ForkedBooter.invokeProviderInSameClassLoader(ForkedBooter.java:384)
	at org.apache.maven.surefire.booter.ForkedBooter.runSuitesInProcess(ForkedBooter.java:345)
	at org.apache.maven.surefire.booter.ForkedBooter.execute(ForkedBooter.java:126)
	at org.apache.maven.surefire.booter.ForkedBooter.main(ForkedBooter.java:418)

