<?xml version="1.0" encoding="UTF-8"?>
<testsuite xmlns:xsi="http://www.w3.org/2001/XMLSchema-instance" xsi:noNamespaceSchemaLocation="https://maven.apache.org/surefire/maven-surefire-plugin/xsd/surefire-test-report-3.0.xsd" version="3.0" name="evtest.sample.SampleTest" time="8.124" tests="1" errors="1" skipped="0" failures="0">
  <properties>
[...]
</properties>
  <testcase name="sampleTest" classname="evtest.sample.SampleTest" time="0.548">
    <error message="Attribute &apos;valueA&apos; not found on type &apos;RefType&apos;" type="java.lang.IllegalArgumentException">java.lang.IllegalArgumentException: Attribute 'valueA' not found on type 'RefType'
	at com.blazebit.persistence.parser.PathTargetResolvingExpressionVisitor.visit(PathTargetResolvingExpressionVisitor.java:243)
	at com.blazebit.persistence.parser.expression.PropertyExpression.accept(PropertyExpression.java:41)
	at com.blazebit.persistence.parser.PathTargetResolvingExpressionVisitor.visit(PathTargetResolvingExpressionVisitor.java:336)
	at com.blazebit.persistence.parser.expression.PathExpression.accept(PathExpression.java:85)
	at com.blazebit.persistence.impl.JpaUtils.getAttributeForJoining(JpaUtils.java:476)
	at com.blazebit.persistence.impl.JoinManager.implicitJoinSingle(JoinManager.java:3556)
	at com.blazebit.persistence.impl.JoinManager.implicitJoin(JoinManager.java:2933)
	at com.blazebit.persistence.impl.JoinVisitor.visit(JoinVisitor.java:268)
	at com.blazebit.persistence.impl.JoinVisitor.visit(JoinVisitor.java:219)
	at com.blazebit.persistence.parser.expression.PathExpression.accept(PathExpression.java:85)
	at com.blazebit.persistence.parser.expression.VisitorAdapter.visit(VisitorAdapter.java:251)
	at com.blazebit.persistence.parser.predicate.LikePredicate.accept(LikePredicate.java:52)
	at com.blazebit.persistence.parser.expression.VisitorAdapter.visit(VisitorAdapter.java:223)
	at com.blazebit.persistence.parser.predicate.CompoundPredicate.accept(CompoundPredicate.java:77)
	at com.blazebit.persistence.impl.PredicateManager.acceptVisitor(PredicateManager.java:246)
	at com.blazebit.persistence.impl.AbstractCommonQueryBuilder.applyImplicitJoins(AbstractCommonQueryBuilder.java:2664)
	at com.blazebit.persistence.impl.AbstractCommonQueryBuilder.prepareAndCheck(AbstractCommonQueryBuilder.java:3586)
	at com.blazebit.persistence.impl.AbstractCommonQueryBuilder.getBaseQueryStringWithCheck(AbstractCommonQueryBuilder.java:2803)
	at com.blazebit.persistence.impl.AbstractCommonQueryBuilder.getTypedQuery(AbstractCommonQueryBuilder.java:2818)
	at com.blazebit.persistence.impl.AbstractQueryBuilder.getQuery(AbstractQueryBuilder.java:52)
	at com.blazebit.persistence.impl.AbstractQueryBuilder.getResultList(AbstractQueryBuilder.java:57)
	at evtest.sample.SampleTest.sampleTest(SampleTest.java:53)
	at java.base/jdk.internal.reflect.NativeMethodAccessorImpl.invoke0(Native Method)
	at java.base/jdk.internal.reflect.NativeMethodAccessorImpl.invoke(NativeMethodAccessorImpl.java:62)
	at java.base/jdk.internal.reflect.DelegatingMethodAccessorImpl.invoke(DelegatingMethodAccessorImpl.java:43)
	at java.base/java.lang.reflect.Method.invoke(Method.java:566)
	at org.junit.runners.model.FrameworkMethod$1.runReflectiveCall(FrameworkMethod.java:59)
	at org.junit.internal.runners.model.ReflectiveCallable.run(ReflectiveCallable.java:12)
	at org.junit.runners.model.FrameworkMethod.invokeExplosively(FrameworkMethod.java:56)
	at org.junit.internal.runners.statements.InvokeMethod.evaluate(InvokeMethod.java:17)
	at org.springframework.test.context.junit4.statements.RunBeforeTestExecutionCallbacks.evaluate(RunBeforeTestExecutionCallbacks.java:74)
	at org.springframework.test.context.junit4.statements.RunAfterTestExecutionCallbacks.evaluate(RunAfterTestExecutionCallbacks.java:84)
	at org.junit.internal.runners.statements.RunBefores.evaluate(RunBefores.java:26)
	at org.springframework.test.context.junit4.statements.RunBeforeTestMethodCallbacks.evaluate(RunBeforeTestMethodCallbacks.java:75)
	at org.springframework.test.context.junit4.statements.RunAfterTestMethodCallbacks.evaluate(RunAfterTestMethodCallbacks.java:86)
	at org.springframework.test.context.junit4.statements.SpringRepeat.evaluate(SpringRepeat.java:84)
	at org.junit.runners.ParentRunner.runLeaf(ParentRunner.java:366)
	at org.springframework.test.context.junit4.SpringJUnit4ClassRunner.runChild(SpringJUnit4ClassRunner.java:251)
	at org.springframework.test.context.junit4.SpringJUnit4ClassRunner.runChild(SpringJUnit4ClassRunner.java:97)
	at org.junit.runners.ParentRunner$4.run(ParentRunner.java:331)
	at org.junit.runners.ParentRunner$1.schedule(ParentRunner.java:79)
	at org.junit.runners.ParentRunner.runChildren(ParentRunner.java:329)
	at org.junit.runners.ParentRunner.access$100(ParentRunner.java:66)
	at org.junit.runners.ParentRunner$2.evaluate(ParentRunner.java:293)
	at org.springframework.test.context.junit4.statements.RunBeforeTestClassCallbacks.evaluate(RunBeforeTestClassCallbacks.java:61)
	at org.springframework.test.context.junit4.statements.RunAfterTestClassCallbacks.evaluate(RunAfterTestClassCallbacks.java:70)
	at org.junit.runners.ParentRunner$3.evaluate(ParentRunner.java:306)
	at org.junit.runners.ParentRunner.run(ParentRunner.java:413)
	at org.springframework.test.context.junit4.SpringJUnit4ClassRunner.run(SpringJUnit4ClassRunner.java:190)
	at org.apache.maven.surefire.junit4.JUnit4Provider.execute(JUnit4Provider.java:365)
	at org.apache.maven.surefire.junit4.JUnit4Provider.executeWithRerun(JUnit4Provider.java:273)
	at org.apache.maven.surefire.junit4.JUnit4Provider.executeTestSet(JUnit4Provider.java:238)
	at org.apache.maven.surefire.junit4.JUnit4Provider.invoke(JUnit4Provider.java:159)
	at org.apache.maven.surefire.booter.ForkedBooter.invokeProviderInSameClassLoader(ForkedBooter.java:384)
	at org.apache.maven.surefire.booter.ForkedBooter.runSuitesInProcess(ForkedBooter.java:345)
	at org.apache.maven.surefire.booter.ForkedBooter.execute(ForkedBooter.java:126)
	at org.apache.maven.surefire.booter.ForkedBooter.main(ForkedBooter.java:418)
</error>
    <system-out><![CDATA[09:43:13.903 [main] DEBUG org.springframework.test.context.junit4.SpringJUnit4ClassRunner - SpringJUnit4ClassRunner constructor called with [class evtest.sample.SampleTest]
09:43:13.918 [main] DEBUG org.springframework.test.context.BootstrapUtils - Instantiating CacheAwareContextLoaderDelegate from class [org.springframework.test.context.cache.DefaultCacheAwareContextLoaderDelegate]
09:43:13.934 [main] DEBUG org.springframework.test.context.BootstrapUtils - Instantiating BootstrapContext using constructor [public org.springframework.test.context.support.DefaultBootstrapContext(java.lang.Class,org.springframework.test.context.CacheAwareContextLoaderDelegate)]
09:43:13.981 [main] DEBUG org.springframework.test.context.BootstrapUtils - Instantiating TestContextBootstrapper for test class [evtest.sample.SampleTest] from class [org.springframework.test.context.support.DefaultTestContextBootstrapper]
09:43:14.019 [main] DEBUG org.springframework.test.context.support.AbstractDelegatingSmartContextLoader - Delegating to AnnotationConfigContextLoader to process context configuration [ContextConfigurationAttributes@4944252c declaringClass = 'evtest.sample.SampleTest', classes = '{class evtest.sample.SampleTest$TestConfig}', locations = '{}', inheritLocations = true, initializers = '{}', inheritInitializers = true, name = [null], contextLoaderClass = 'org.springframework.test.context.ContextLoader'].
09:43:14.103 [main] DEBUG org.springframework.test.context.support.ActiveProfilesUtils - Could not find an 'annotation declaring class' for annotation type [org.springframework.test.context.ActiveProfiles] and class [evtest.sample.SampleTest]
09:43:14.103 [main] DEBUG org.springframework.test.context.support.DefaultTestContextBootstrapper - @TestExecutionListeners is not present for class [evtest.sample.SampleTest]: using defaults.
09:43:14.103 [main] INFO org.springframework.test.context.support.DefaultTestContextBootstrapper - Loaded default TestExecutionListener class names from location [META-INF/spring.factories]: [org.springframework.test.context.web.ServletTestExecutionListener, org.springframework.test.context.support.DirtiesContextBeforeModesTestExecutionListener, org.springframework.test.context.support.DependencyInjectionTestExecutionListener, org.springframework.test.context.support.DirtiesContextTestExecutionListener, org.springframework.test.context.transaction.TransactionalTestExecutionListener, org.springframework.test.context.jdbc.SqlScriptsTestExecutionListener, org.springframework.test.context.event.EventPublishingTestExecutionListener]
09:43:14.134 [main] INFO org.springframework.test.context.support.DefaultTestContextBootstrapper - Using TestExecutionListeners: [org.springframework.test.context.web.ServletTestExecutionListener@1e0b4072, org.springframework.test.context.support.DirtiesContextBeforeModesTestExecutionListener@791f145a, org.springframework.test.context.support.DependencyInjectionTestExecutionListener@38cee291, org.springframework.test.context.support.DirtiesContextTestExecutionListener@4b45a2f5, org.springframework.test.context.transaction.TransactionalTestExecutionListener@f09733f, org.springframework.test.context.jdbc.SqlScriptsTestExecutionListener@e350b40, org.springframework.test.context.event.EventPublishingTestExecutionListener@41a0aa7d]
09:43:14.134 [main] DEBUG org.springframework.test.annotation.ProfileValueUtils - Retrieved @ProfileValueSourceConfiguration [null] for test class [evtest.sample.SampleTest]
09:43:14.134 [main] DEBUG org.springframework.test.annotation.ProfileValueUtils - Retrieved ProfileValueSource type [class org.springframework.test.annotation.SystemProfileValueSource] for class [evtest.sample.SampleTest]
09:43:14.134 [main] DEBUG org.springframework.test.annotation.ProfileValueUtils - Retrieved @ProfileValueSourceConfiguration [null] for test class [evtest.sample.SampleTest]
09:43:14.134 [main] DEBUG org.springframework.test.annotation.ProfileValueUtils - Retrieved ProfileValueSource type [class org.springframework.test.annotation.SystemProfileValueSource] for class [evtest.sample.SampleTest]
09:43:14.134 [main] DEBUG org.springframework.test.annotation.ProfileValueUtils - Retrieved @ProfileValueSourceConfiguration [null] for test class [evtest.sample.SampleTest]
09:43:14.134 [main] DEBUG org.springframework.test.annotation.ProfileValueUtils - Retrieved ProfileValueSource type [class org.springframework.test.annotation.SystemProfileValueSource] for class [evtest.sample.SampleTest]
09:43:14.134 [main] DEBUG org.springframework.test.annotation.ProfileValueUtils - Retrieved @ProfileValueSourceConfiguration [null] for test class [evtest.sample.SampleTest]
09:43:14.134 [main] DEBUG org.springframework.test.annotation.ProfileValueUtils - Retrieved ProfileValueSource type [class org.springframework.test.annotation.SystemProfileValueSource] for class [evtest.sample.SampleTest]
09:43:14.134 [main] DEBUG org.springframework.test.annotation.ProfileValueUtils - Retrieved @ProfileValueSourceConfiguration [null] for test class [evtest.sample.SampleTest]
09:43:14.134 [main] DEBUG org.springframework.test.annotation.ProfileValueUtils - Retrieved ProfileValueSource type [class org.springframework.test.annotation.SystemProfileValueSource] for class [evtest.sample.SampleTest]
09:43:14.150 [main] DEBUG org.springframework.test.context.support.AbstractDirtiesContextTestExecutionListener - Before test class: context [DefaultTestContext@78e4deb0 testClass = SampleTest, testInstance = [null], testMethod = [null], testException = [null], mergedContextConfiguration = [MergedContextConfiguration@6e9175d8 testClass = SampleTest, locations = '{}', classes = '{class evtest.sample.SampleTest$TestConfig}', contextInitializerClasses = '[]', activeProfiles = '{}', propertySourceLocations = '{}', propertySourceProperties = '{}', contextCustomizers = set[[empty]], contextLoader = 'org.springframework.test.context.support.DelegatingSmartContextLoader', parent = [null]], attributes = map[[empty]]], class annotated with @DirtiesContext [false] with mode [null].
09:43:14.150 [main] DEBUG org.springframework.test.annotation.ProfileValueUtils - Retrieved @ProfileValueSourceConfiguration [null] for test class [evtest.sample.SampleTest]
09:43:14.150 [main] DEBUG org.springframework.test.annotation.ProfileValueUtils - Retrieved ProfileValueSource type [class org.springframework.test.annotation.SystemProfileValueSource] for class [evtest.sample.SampleTest]
09:43:14.150 [main] DEBUG org.springframework.test.context.support.DependencyInjectionTestExecutionListener - Performing dependency injection for test context [[DefaultTestContext@78e4deb0 testClass = SampleTest, testInstance = evtest.sample.SampleTest@563f38c4, testMethod = [null], testException = [null], mergedContextConfiguration = [MergedContextConfiguration@6e9175d8 testClass = SampleTest, locations = '{}', classes = '{class evtest.sample.SampleTest$TestConfig}', contextInitializerClasses = '[]', activeProfiles = '{}', propertySourceLocations = '{}', propertySourceProperties = '{}', contextCustomizers = set[[empty]], contextLoader = 'org.springframework.test.context.support.DelegatingSmartContextLoader', parent = [null]], attributes = map[[empty]]]].
09:43:14.150 [main] DEBUG org.springframework.test.context.support.AbstractDelegatingSmartContextLoader - Delegating to AnnotationConfigContextLoader to load context from [MergedContextConfiguration@6e9175d8 testClass = SampleTest, locations = '{}', classes = '{class evtest.sample.SampleTest$TestConfig}', contextInitializerClasses = '[]', activeProfiles = '{}', propertySourceLocations = '{}', propertySourceProperties = '{}', contextCustomizers = set[[empty]], contextLoader = 'org.springframework.test.context.support.DelegatingSmartContextLoader', parent = [null]].
09:43:14.150 [main] DEBUG org.springframework.test.context.support.AbstractGenericContextLoader - Loading ApplicationContext for merged context configuration [[MergedContextConfiguration@6e9175d8 testClass = SampleTest, locations = '{}', classes = '{class evtest.sample.SampleTest$TestConfig}', contextInitializerClasses = '[]', activeProfiles = '{}', propertySourceLocations = '{}', propertySourceProperties = '{}', contextCustomizers = set[[empty]], contextLoader = 'org.springframework.test.context.support.DelegatingSmartContextLoader', parent = [null]]].
09:43:14.250 [main] DEBUG org.springframework.core.env.StandardEnvironment - Activating profiles []
09:43:14.250 [main] DEBUG org.springframework.test.context.support.AnnotationConfigContextLoader - Registering component classes: {class evtest.sample.SampleTest$TestConfig}
09:43:14.336 [main] DEBUG org.springframework.context.support.GenericApplicationContext - Refreshing org.springframework.context.support.GenericApplicationContext@48bb62
09:43:14.367 [main] DEBUG org.springframework.beans.factory.support.DefaultListableBeanFactory - Creating shared instance of singleton bean 'org.springframework.context.annotation.internalConfigurationAnnotationProcessor'
09:43:14.519 [main] DEBUG org.springframework.context.annotation.ClassPathBeanDefinitionScanner - Identified candidate component class: file [C:\Users\gspankr\Documents\LAPS-A\testing\test\target\classes\evtest\Application.class]
09:43:14.519 [main] DEBUG org.springframework.context.annotation.ClassPathBeanDefinitionScanner - Identified candidate component class: file [C:\Users\gspankr\Documents\LAPS-A\testing\test\target\classes\evtest\config\BlazePersistenceConfiguration.class]
09:43:14.535 [main] DEBUG org.springframework.context.annotation.ClassPathBeanDefinitionScanner - Identified candidate component class: file [C:\Users\gspankr\Documents\LAPS-A\testing\test\target\classes\evtest\controller\SampleController.class]
09:43:14.550 [main] DEBUG org.springframework.context.annotation.ClassPathBeanDefinitionScanner - Ignored because not a concrete top-level class: file [C:\Users\gspankr\Documents\LAPS-A\testing\test\target\classes\evtest\repository\ItemSimpleViewRepository.class]
09:43:14.635 [main] DEBUG org.springframework.context.annotation.ClassPathBeanDefinitionScanner - Identified candidate component class: file [C:\Users\gspankr\Documents\LAPS-A\testing\test\target\test-classes\evtest\sample\SampleTest$TestConfig.class]
09:43:14.635 [main] DEBUG org.springframework.context.annotation.ClassPathBeanDefinitionScanner - Identified candidate component class: file [C:\Users\gspankr\Documents\LAPS-A\testing\test\target\classes\evtest\config\BlazePersistenceConfiguration.class]
09:43:14.635 [main] DEBUG org.springframework.context.annotation.ClassPathBeanDefinitionScanner - Identified candidate component class: file [C:\Users\gspankr\Documents\LAPS-A\testing\test\target\classes\evtest\controller\SampleController.class]
09:43:14.635 [main] DEBUG org.springframework.context.annotation.ClassPathBeanDefinitionScanner - Ignored because not a concrete top-level class: file [C:\Users\gspankr\Documents\LAPS-A\testing\test\target\classes\evtest\repository\ItemSimpleViewRepository.class]
09:43:15.425 [main] INFO org.springframework.data.repository.config.RepositoryConfigurationDelegate - Bootstrapping Spring Data JPA repositories in DEFAULT mode.
09:43:15.440 [main] DEBUG org.springframework.data.repository.config.RepositoryConfigurationDelegate - Scanning for JPA repositories in packages gov.repository.
09:43:15.456 [main] INFO org.springframework.data.repository.config.RepositoryConfigurationDelegate - Finished Spring Data repository scanning in 9 ms. Found 0 JPA repository interfaces.
09:43:15.456 [main] DEBUG com.blazebit.persistence.integration.view.spring.impl.EntityViewComponentProvider - Identified candidate component class: file [C:\Users\gspankr\Documents\LAPS-A\testing\test\target\classes\evtest\view\item\ItemTypeAView.class]
09:43:15.471 [main] DEBUG com.blazebit.persistence.integration.view.spring.impl.EntityViewComponentProvider - Identified candidate component class: file [C:\Users\gspankr\Documents\LAPS-A\testing\test\target\classes\evtest\view\item\ItemTypeBView.class]
09:43:15.471 [main] DEBUG com.blazebit.persistence.integration.view.spring.impl.EntityViewComponentProvider - Identified candidate component class: file [C:\Users\gspankr\Documents\LAPS-A\testing\test\target\classes\evtest\view\item\ItemTypeBaseView.class]
09:43:15.471 [main] DEBUG com.blazebit.persistence.integration.view.spring.impl.EntityViewComponentProvider - Identified candidate component class: file [C:\Users\gspankr\Documents\LAPS-A\testing\test\target\classes\evtest\view\item\ItemTypeView.class]
09:43:15.471 [main] DEBUG com.blazebit.persistence.integration.view.spring.impl.EntityViewComponentProvider - Identified candidate component class: file [C:\Users\gspankr\Documents\LAPS-A\testing\test\target\classes\evtest\view\ref\RefTypeAView.class]
09:43:15.471 [main] DEBUG com.blazebit.persistence.integration.view.spring.impl.EntityViewComponentProvider - Identified candidate component class: file [C:\Users\gspankr\Documents\LAPS-A\testing\test\target\classes\evtest\view\ref\RefTypeBView.class]
09:43:15.471 [main] DEBUG com.blazebit.persistence.integration.view.spring.impl.EntityViewComponentProvider - Identified candidate component class: file [C:\Users\gspankr\Documents\LAPS-A\testing\test\target\classes\evtest\view\ref\RefTypeView.class]
09:43:15.471 [main] DEBUG com.blazebit.persistence.integration.view.spring.impl.EntityViewComponentProvider - Identified candidate component class: file [C:\Users\gspankr\Documents\LAPS-A\testing\test\target\classes\evtest\view\ref\RefTypeViewBase.class]
09:43:15.490 [main] INFO org.springframework.data.repository.config.RepositoryConfigurationDelegate - Bootstrapping Spring Data JPA repositories in DEFAULT mode.
09:43:15.490 [main] DEBUG org.springframework.data.repository.config.RepositoryConfigurationDelegate - Scanning for JPA repositories in packages evtest.repository.
09:43:15.490 [main] DEBUG org.springframework.data.repository.config.RepositoryComponentProvider - Identified candidate component class: file [C:\Users\gspankr\Documents\LAPS-A\testing\test\target\classes\evtest\repository\ItemSimpleViewRepository.class]
09:43:15.552 [main] INFO org.springframework.data.repository.config.RepositoryConfigurationDelegate - Finished Spring Data repository scanning in 63 ms. Found 1 JPA repository interfaces.
09:43:15.890 [main] DEBUG org.springframework.beans.factory.support.DefaultListableBeanFactory - Creating shared instance of singleton bean 'propertySourcesPlaceholderConfigurer'
09:43:15.890 [main] DEBUG org.springframework.beans.factory.support.DefaultListableBeanFactory - Creating shared instance of singleton bean 'emBeanDefinitionRegistrarPostProcessor'
09:43:15.890 [main] DEBUG org.springframework.beans.factory.support.DefaultListableBeanFactory - Creating shared instance of singleton bean 'org.springframework.context.event.internalEventListenerProcessor'
09:43:15.906 [main] DEBUG org.springframework.beans.factory.support.DefaultListableBeanFactory - Creating shared instance of singleton bean 'org.springframework.context.event.internalEventListenerFactory'
09:43:15.906 [main] DEBUG org.springframework.beans.factory.support.DefaultListableBeanFactory - Creating shared instance of singleton bean 'org.springframework.transaction.config.internalTransactionalEventListenerFactory'
09:43:15.906 [main] DEBUG org.springframework.beans.factory.support.DefaultListableBeanFactory - Creating shared instance of singleton bean 'org.springframework.context.annotation.internalAutowiredAnnotationProcessor'
09:43:15.906 [main] DEBUG org.springframework.beans.factory.support.DefaultListableBeanFactory - Creating shared instance of singleton bean 'org.springframework.context.annotation.internalCommonAnnotationProcessor'
09:43:15.924 [main] DEBUG org.springframework.beans.factory.support.DefaultListableBeanFactory - Creating shared instance of singleton bean 'org.springframework.context.annotation.internalPersistenceAnnotationProcessor'
09:43:15.925 [main] DEBUG org.springframework.beans.factory.support.DefaultListableBeanFactory - Creating shared instance of singleton bean 'org.springframework.boot.context.properties.ConfigurationPropertiesBindingPostProcessor'
09:43:15.926 [main] DEBUG org.springframework.beans.factory.support.DefaultListableBeanFactory - Creating shared instance of singleton bean 'org.springframework.boot.context.internalConfigurationPropertiesBinder'
09:43:15.926 [main] DEBUG org.springframework.beans.factory.support.DefaultListableBeanFactory - Creating shared instance of singleton bean 'org.springframework.boot.context.internalConfigurationPropertiesBinderFactory'
09:43:15.930 [main] DEBUG org.springframework.beans.factory.support.DefaultListableBeanFactory - Creating shared instance of singleton bean 'org.springframework.aop.config.internalAutoProxyCreator'
09:43:16.006 [main] DEBUG org.springframework.beans.factory.support.DefaultListableBeanFactory - Creating shared instance of singleton bean 'dataSourceInitializerPostProcessor'
09:43:16.006 [main] DEBUG org.springframework.beans.factory.support.DefaultListableBeanFactory - Creating shared instance of singleton bean 'persistenceExceptionTranslationPostProcessor'
09:43:16.037 [main] DEBUG org.springframework.beans.factory.support.DefaultListableBeanFactory - Autowiring by type from bean name 'persistenceExceptionTranslationPostProcessor' via factory method to bean named 'environment'
09:43:16.037 [main] DEBUG org.springframework.beans.factory.support.DefaultListableBeanFactory - Creating shared instance of singleton bean 'dataSourceInitializedPublisher'
09:43:16.053 [main] DEBUG org.springframework.beans.factory.support.DefaultListableBeanFactory - Creating shared instance of singleton bean 'entityManagerFactory'
09:43:16.053 [main] DEBUG org.springframework.beans.factory.support.DefaultListableBeanFactory - Creating shared instance of singleton bean 'org.springframework.transaction.config.internalTransactionAdvisor'
09:43:16.053 [main] DEBUG org.springframework.beans.factory.support.DefaultListableBeanFactory - Creating shared instance of singleton bean 'org.springframework.transaction.annotation.ProxyTransactionManagementConfiguration'
09:43:16.090 [main] DEBUG org.springframework.beans.factory.support.DefaultListableBeanFactory - Creating shared instance of singleton bean 'transactionAttributeSource'
09:43:16.090 [main] DEBUG org.springframework.beans.factory.support.DefaultListableBeanFactory - Creating shared instance of singleton bean 'transactionInterceptor'
09:43:16.106 [main] DEBUG org.springframework.beans.factory.support.DefaultListableBeanFactory - Autowiring by type from bean name 'transactionInterceptor' via factory method to bean named 'transactionAttributeSource'
09:43:16.106 [main] DEBUG org.springframework.beans.factory.support.DefaultListableBeanFactory - Autowiring by type from bean name 'org.springframework.transaction.config.internalTransactionAdvisor' via factory method to bean named 'transactionAttributeSource'
09:43:16.106 [main] DEBUG org.springframework.beans.factory.support.DefaultListableBeanFactory - Autowiring by type from bean name 'org.springframework.transaction.config.internalTransactionAdvisor' via factory method to bean named 'transactionInterceptor'
09:43:16.122 [main] DEBUG org.springframework.beans.factory.support.DefaultListableBeanFactory - Creating shared instance of singleton bean 'org.springframework.boot.autoconfigure.orm.jpa.HibernateJpaConfiguration'
09:43:16.122 [main] DEBUG org.springframework.beans.factory.support.DefaultListableBeanFactory - Creating shared instance of singleton bean 'dataSource'
09:43:16.122 [main] DEBUG org.springframework.beans.factory.support.DefaultListableBeanFactory - Creating shared instance of singleton bean 'org.springframework.boot.autoconfigure.jdbc.DataSourceConfiguration$Hikari'
09:43:16.122 [main] DEBUG org.springframework.beans.factory.support.DefaultListableBeanFactory - Creating shared instance of singleton bean 'spring.datasource-org.springframework.boot.autoconfigure.jdbc.DataSourceProperties'
09:43:16.137 [main] DEBUG org.springframework.beans.factory.support.DefaultListableBeanFactory - Creating shared instance of singleton bean 'org.springframework.boot.context.properties.BoundConfigurationProperties'
09:43:16.169 [main] DEBUG org.springframework.beans.factory.support.DefaultListableBeanFactory - Autowiring by type from bean name 'dataSource' via factory method to bean named 'spring.datasource-org.springframework.boot.autoconfigure.jdbc.DataSourceProperties'
09:43:16.592 [main] DEBUG com.zaxxer.hikari.HikariConfig - Driver class org.h2.Driver found in Thread context class loader jdk.internal.loader.ClassLoaders$AppClassLoader@2cdf8d8a
09:43:16.625 [main] DEBUG org.springframework.beans.factory.support.DefaultListableBeanFactory - Creating shared instance of singleton bean 'org.springframework.boot.autoconfigure.jdbc.DataSourceInitializerInvoker'
09:43:16.625 [main] DEBUG org.springframework.beans.factory.support.DefaultListableBeanFactory - Autowiring by type from bean name 'org.springframework.boot.autoconfigure.jdbc.DataSourceInitializerInvoker' via constructor to bean named 'spring.datasource-org.springframework.boot.autoconfigure.jdbc.DataSourceProperties'
09:43:16.625 [main] DEBUG org.springframework.beans.factory.support.DefaultListableBeanFactory - Autowiring by type from bean name 'org.springframework.boot.autoconfigure.jdbc.DataSourceInitializerInvoker' via constructor to bean named 'org.springframework.context.support.GenericApplicationContext@48bb62'
09:43:16.625 [main] DEBUG org.springframework.beans.factory.support.DefaultListableBeanFactory - Creating shared instance of singleton bean 'spring.jpa-org.springframework.boot.autoconfigure.orm.jpa.JpaProperties'
09:43:16.641 [main] DEBUG org.springframework.beans.factory.support.DefaultListableBeanFactory - Creating shared instance of singleton bean 'spring.jpa.hibernate-org.springframework.boot.autoconfigure.orm.jpa.HibernateProperties'
09:43:16.641 [main] DEBUG org.springframework.beans.factory.support.DefaultListableBeanFactory - Autowiring by type from bean name 'org.springframework.boot.autoconfigure.orm.jpa.HibernateJpaConfiguration' via constructor to bean named 'dataSource'
09:43:16.641 [main] DEBUG org.springframework.beans.factory.support.DefaultListableBeanFactory - Autowiring by type from bean name 'org.springframework.boot.autoconfigure.orm.jpa.HibernateJpaConfiguration' via constructor to bean named 'spring.jpa-org.springframework.boot.autoconfigure.orm.jpa.JpaProperties'
09:43:16.641 [main] DEBUG org.springframework.beans.factory.support.DefaultListableBeanFactory - Autowiring by type from bean name 'org.springframework.boot.autoconfigure.orm.jpa.HibernateJpaConfiguration' via constructor to bean named 'org.springframework.beans.factory.support.DefaultListableBeanFactory@1bae316d'
09:43:16.641 [main] DEBUG org.springframework.beans.factory.support.DefaultListableBeanFactory - Autowiring by type from bean name 'org.springframework.boot.autoconfigure.orm.jpa.HibernateJpaConfiguration' via constructor to bean named 'spring.jpa.hibernate-org.springframework.boot.autoconfigure.orm.jpa.HibernateProperties'
09:43:16.641 [main] DEBUG org.springframework.beans.factory.support.DefaultListableBeanFactory - Creating shared instance of singleton bean 'hikariPoolDataSourceMetadataProvider'
09:43:16.641 [main] DEBUG org.springframework.beans.factory.support.DefaultListableBeanFactory - Creating shared instance of singleton bean 'org.springframework.boot.autoconfigure.jdbc.metadata.DataSourcePoolMetadataProvidersConfiguration$HikariPoolDataSourceMetadataProviderConfiguration'
09:43:16.657 [main] DEBUG org.springframework.beans.factory.support.DefaultListableBeanFactory - Creating shared instance of singleton bean 'entityManagerFactoryBuilder'
09:43:16.657 [main] DEBUG org.springframework.beans.factory.support.DefaultListableBeanFactory - Creating shared instance of singleton bean 'jpaVendorAdapter'
09:43:16.738 [main] DEBUG org.jboss.logging - Logging Provider: org.jboss.logging.Log4j2LoggerProvider
09:43:16.754 [main] DEBUG org.springframework.beans.factory.support.DefaultListableBeanFactory - Autowiring by type from bean name 'entityManagerFactoryBuilder' via factory method to bean named 'jpaVendorAdapter'
09:43:16.754 [main] DEBUG org.springframework.beans.factory.support.DefaultListableBeanFactory - Autowiring by type from bean name 'entityManagerFactory' via factory method to bean named 'entityManagerFactoryBuilder'
09:43:16.770 [main] DEBUG org.springframework.jdbc.datasource.DataSourceUtils - Fetching JDBC Connection from DataSource
09:43:16.770 [main] DEBUG com.zaxxer.hikari.HikariConfig - HikariPool-1 - configuration:
09:43:16.770 [main] DEBUG com.zaxxer.hikari.HikariConfig - allowPoolSuspension.............false
09:43:16.770 [main] DEBUG com.zaxxer.hikari.HikariConfig - autoCommit......................true
09:43:16.770 [main] DEBUG com.zaxxer.hikari.HikariConfig - catalog.........................none
09:43:16.770 [main] DEBUG com.zaxxer.hikari.HikariConfig - connectionInitSql...............none
09:43:16.770 [main] DEBUG com.zaxxer.hikari.HikariConfig - connectionTestQuery.............none
09:43:16.770 [main] DEBUG com.zaxxer.hikari.HikariConfig - connectionTimeout...............30000
09:43:16.770 [main] DEBUG com.zaxxer.hikari.HikariConfig - dataSource......................none
09:43:16.770 [main] DEBUG com.zaxxer.hikari.HikariConfig - dataSourceClassName.............none
09:43:16.770 [main] DEBUG com.zaxxer.hikari.HikariConfig - dataSourceJNDI..................none
09:43:16.770 [main] DEBUG com.zaxxer.hikari.HikariConfig - dataSourceProperties............{password=<masked>}
09:43:16.770 [main] DEBUG com.zaxxer.hikari.HikariConfig - driverClassName................."org.h2.Driver"
09:43:16.770 [main] DEBUG com.zaxxer.hikari.HikariConfig - exceptionOverrideClassName......none
09:43:16.770 [main] DEBUG com.zaxxer.hikari.HikariConfig - healthCheckProperties...........{}
09:43:16.770 [main] DEBUG com.zaxxer.hikari.HikariConfig - healthCheckRegistry.............none
09:43:16.770 [main] DEBUG com.zaxxer.hikari.HikariConfig - idleTimeout.....................600000
09:43:16.770 [main] DEBUG com.zaxxer.hikari.HikariConfig - initializationFailTimeout.......1
09:43:16.770 [main] DEBUG com.zaxxer.hikari.HikariConfig - isolateInternalQueries..........false
09:43:16.770 [main] DEBUG com.zaxxer.hikari.HikariConfig - jdbcUrl.........................jdbc:h2:mem:bd561a51-c546-4863-925d-15deeaa6f803;DB_CLOSE_DELAY=-1;DB_CLOSE_ON_EXIT=FALSE
09:43:16.770 [main] DEBUG com.zaxxer.hikari.HikariConfig - leakDetectionThreshold..........0
09:43:16.770 [main] DEBUG com.zaxxer.hikari.HikariConfig - maxLifetime.....................1800000
09:43:16.770 [main] DEBUG com.zaxxer.hikari.HikariConfig - maximumPoolSize.................10
09:43:16.770 [main] DEBUG com.zaxxer.hikari.HikariConfig - metricRegistry..................none
09:43:16.785 [main] DEBUG com.zaxxer.hikari.HikariConfig - metricsTrackerFactory...........none
09:43:16.785 [main] DEBUG com.zaxxer.hikari.HikariConfig - minimumIdle.....................10
09:43:16.785 [main] DEBUG com.zaxxer.hikari.HikariConfig - password........................<masked>
09:43:16.785 [main] DEBUG com.zaxxer.hikari.HikariConfig - poolName........................"HikariPool-1"
09:43:16.785 [main] DEBUG com.zaxxer.hikari.HikariConfig - readOnly........................false
09:43:16.785 [main] DEBUG com.zaxxer.hikari.HikariConfig - registerMbeans..................false
09:43:16.785 [main] DEBUG com.zaxxer.hikari.HikariConfig - scheduledExecutor...............none
09:43:16.785 [main] DEBUG com.zaxxer.hikari.HikariConfig - schema..........................none
09:43:16.785 [main] DEBUG com.zaxxer.hikari.HikariConfig - threadFactory...................internal
09:43:16.785 [main] DEBUG com.zaxxer.hikari.HikariConfig - transactionIsolation............default
09:43:16.785 [main] DEBUG com.zaxxer.hikari.HikariConfig - username........................"sa"
09:43:16.785 [main] DEBUG com.zaxxer.hikari.HikariConfig - validationTimeout...............5000
09:43:16.785 [main] INFO com.zaxxer.hikari.HikariDataSource - HikariPool-1 - Starting...
09:43:17.093 [main] DEBUG com.zaxxer.hikari.pool.HikariPool - HikariPool-1 - Added connection conn0: url=jdbc:h2:mem:bd561a51-c546-4863-925d-15deeaa6f803 user=SA
09:43:17.093 [main] INFO com.zaxxer.hikari.HikariDataSource - HikariPool-1 - Start completed.
09:43:17.128 [main] DEBUG org.springframework.beans.factory.support.DefaultListableBeanFactory - Creating shared instance of singleton bean 'org.springframework.boot.autoconfigure.AutoConfigurationPackages'
09:43:17.128 [main] DEBUG org.springframework.boot.autoconfigure.AutoConfigurationPackages - @EnableAutoConfiguration was declared on a class in the package 'evtest'. Automatic @Repository and @Entity scanning is enabled.
09:43:17.177 [main] DEBUG org.springframework.orm.jpa.LocalContainerEntityManagerFactoryBean - Building JPA container EntityManagerFactory for persistence unit 'default'
09:43:17.208 [HikariPool-1 housekeeper] DEBUG com.zaxxer.hikari.pool.HikariPool - HikariPool-1 - Pool stats (total=1, active=0, idle=1, waiting=0)
09:43:17.208 [HikariPool-1 connection adder] DEBUG com.zaxxer.hikari.pool.HikariPool - HikariPool-1 - Added connection conn1: url=jdbc:h2:mem:bd561a51-c546-4863-925d-15deeaa6f803 user=SA
09:43:17.208 [HikariPool-1 connection adder] DEBUG com.zaxxer.hikari.pool.HikariPool - HikariPool-1 - Added connection conn2: url=jdbc:h2:mem:bd561a51-c546-4863-925d-15deeaa6f803 user=SA
09:43:17.208 [HikariPool-1 connection adder] DEBUG com.zaxxer.hikari.pool.HikariPool - HikariPool-1 - Added connection conn3: url=jdbc:h2:mem:bd561a51-c546-4863-925d-15deeaa6f803 user=SA
09:43:17.208 [HikariPool-1 connection adder] DEBUG com.zaxxer.hikari.pool.HikariPool - HikariPool-1 - Added connection conn4: url=jdbc:h2:mem:bd561a51-c546-4863-925d-15deeaa6f803 user=SA
09:43:17.208 [HikariPool-1 connection adder] DEBUG com.zaxxer.hikari.pool.HikariPool - HikariPool-1 - Added connection conn5: url=jdbc:h2:mem:bd561a51-c546-4863-925d-15deeaa6f803 user=SA
09:43:17.208 [HikariPool-1 connection adder] DEBUG com.zaxxer.hikari.pool.HikariPool - HikariPool-1 - Added connection conn6: url=jdbc:h2:mem:bd561a51-c546-4863-925d-15deeaa6f803 user=SA
09:43:17.208 [HikariPool-1 connection adder] DEBUG com.zaxxer.hikari.pool.HikariPool - HikariPool-1 - Added connection conn7: url=jdbc:h2:mem:bd561a51-c546-4863-925d-15deeaa6f803 user=SA
09:43:17.208 [HikariPool-1 connection adder] DEBUG com.zaxxer.hikari.pool.HikariPool - HikariPool-1 - Added connection conn8: url=jdbc:h2:mem:bd561a51-c546-4863-925d-15deeaa6f803 user=SA
09:43:17.208 [main] DEBUG org.hibernate.jpa.internal.util.LogHelper - PersistenceUnitInfo [
	name: default
	persistence provider classname: null
	classloader: jdk.internal.loader.ClassLoaders$AppClassLoader@2cdf8d8a
	excludeUnlistedClasses: true
	JTA datasource: null
	Non JTA datasource: HikariDataSource (HikariPool-1)
	Transaction type: RESOURCE_LOCAL
	PU root URL: file:/C:/Users/gspankr/Documents/LAPS-A/testing/test/target/test-classes/
	Shared Cache Mode: UNSPECIFIED
	Validation Mode: AUTO
	Jar files URLs []
	Managed classes names [
		evtest.model.Cat
		evtest.model.Person
		evtest.model.item.ItemType
		evtest.model.item.ItemTypeA
		evtest.model.item.ItemTypeB
		evtest.model.item.ItemTypeSuper
		evtest.model.ref.BaseVersionedEntity
		evtest.model.ref.RefType
		evtest.model.ref.RefTypeA
		evtest.model.ref.RefTypeB]
	Mapping files names []
	Properties []
09:43:17.208 [HikariPool-1 connection adder] DEBUG com.zaxxer.hikari.pool.HikariPool - HikariPool-1 - Added connection conn9: url=jdbc:h2:mem:bd561a51-c546-4863-925d-15deeaa6f803 user=SA
09:43:17.208 [HikariPool-1 connection adder] DEBUG com.zaxxer.hikari.pool.HikariPool - HikariPool-1 - After adding stats (total=10, active=0, idle=10, waiting=0)
09:43:17.224 [main] DEBUG org.hibernate.integrator.internal.IntegratorServiceImpl - Adding Integrator [org.hibernate.cfg.beanvalidation.BeanValidationIntegrator].
09:43:17.240 [main] DEBUG org.hibernate.integrator.internal.IntegratorServiceImpl - Adding Integrator [org.hibernate.secure.spi.JaccIntegrator].
09:43:17.240 [main] DEBUG org.hibernate.integrator.internal.IntegratorServiceImpl - Adding Integrator [org.hibernate.cache.internal.CollectionCacheInvalidator].
09:43:17.240 [main] DEBUG org.hibernate.integrator.internal.IntegratorServiceImpl - Adding Integrator [com.blazebit.persistence.integration.hibernate.Hibernate53Integrator].
09:43:17.309 [main] INFO org.hibernate.Version - HHH000412: Hibernate ORM core version 5.4.23.Final
09:43:17.309 [main] DEBUG org.hibernate.cfg.Environment - HHH000206: hibernate.properties not found
09:43:17.509 [main] DEBUG org.hibernate.service.spi.ServiceBinding - Overriding existing service binding [org.hibernate.secure.spi.JaccService]
09:43:17.525 [main] DEBUG org.hibernate.cache.internal.RegionFactoryInitiator - Cannot default RegionFactory based on registered strategies as `[]` RegionFactory strategies were registered
09:43:17.525 [main] DEBUG org.hibernate.cache.internal.RegionFactoryInitiator - Cache region factory : org.hibernate.cache.internal.NoCachingRegionFactory
09:43:17.556 [main] INFO org.hibernate.annotations.common.Version - HCANN000001: Hibernate Commons Annotations {5.1.2.Final}
09:43:17.609 [main] DEBUG org.hibernate.type.BasicTypeRegistry - Adding type registration boolean -> org.hibernate.type.BooleanType@4fa4f485
09:43:17.609 [main] DEBUG org.hibernate.type.BasicTypeRegistry - Adding type registration boolean -> org.hibernate.type.BooleanType@4fa4f485
09:43:17.609 [main] DEBUG org.hibernate.type.BasicTypeRegistry - Adding type registration java.lang.Boolean -> org.hibernate.type.BooleanType@4fa4f485
09:43:17.609 [main] DEBUG org.hibernate.type.BasicTypeRegistry - Adding type registration numeric_boolean -> org.hibernate.type.NumericBooleanType@80b122b
09:43:17.609 [main] DEBUG org.hibernate.type.BasicTypeRegistry - Adding type registration true_false -> org.hibernate.type.TrueFalseType@4b0bd001
09:43:17.609 [main] DEBUG org.hibernate.type.BasicTypeRegistry - Adding type registration yes_no -> org.hibernate.type.YesNoType@16736040
09:43:17.625 [main] DEBUG org.hibernate.type.BasicTypeRegistry - Adding type registration byte -> org.hibernate.type.ByteType@6a1d526c
09:43:17.625 [main] DEBUG org.hibernate.type.BasicTypeRegistry - Adding type registration byte -> org.hibernate.type.ByteType@6a1d526c
09:43:17.625 [main] DEBUG org.hibernate.type.BasicTypeRegistry - Adding type registration java.lang.Byte -> org.hibernate.type.ByteType@6a1d526c
09:43:17.625 [main] DEBUG org.hibernate.type.BasicTypeRegistry - Adding type registration character -> org.hibernate.type.CharacterType@4debbf0
09:43:17.625 [main] DEBUG org.hibernate.type.BasicTypeRegistry - Adding type registration char -> org.hibernate.type.CharacterType@4debbf0
09:43:17.625 [main] DEBUG org.hibernate.type.BasicTypeRegistry - Adding type registration java.lang.Character -> org.hibernate.type.CharacterType@4debbf0
09:43:17.625 [main] DEBUG org.hibernate.type.BasicTypeRegistry - Adding type registration short -> org.hibernate.type.ShortType@5a917723
09:43:17.625 [main] DEBUG org.hibernate.type.BasicTypeRegistry - Adding type registration short -> org.hibernate.type.ShortType@5a917723
09:43:17.625 [main] DEBUG org.hibernate.type.BasicTypeRegistry - Adding type registration java.lang.Short -> org.hibernate.type.ShortType@5a917723
09:43:17.625 [main] DEBUG org.hibernate.type.BasicTypeRegistry - Adding type registration integer -> org.hibernate.type.IntegerType@233db8e9
09:43:17.625 [main] DEBUG org.hibernate.type.BasicTypeRegistry - Adding type registration int -> org.hibernate.type.IntegerType@233db8e9
09:43:17.625 [main] DEBUG org.hibernate.type.BasicTypeRegistry - Adding type registration java.lang.Integer -> org.hibernate.type.IntegerType@233db8e9
09:43:17.625 [main] DEBUG org.hibernate.type.BasicTypeRegistry - Adding type registration long -> org.hibernate.type.LongType@6274670b
09:43:17.625 [main] DEBUG org.hibernate.type.BasicTypeRegistry - Adding type registration long -> org.hibernate.type.LongType@6274670b
09:43:17.625 [main] DEBUG org.hibernate.type.BasicTypeRegistry - Adding type registration java.lang.Long -> org.hibernate.type.LongType@6274670b
09:43:17.625 [main] DEBUG org.hibernate.type.BasicTypeRegistry - Adding type registration float -> org.hibernate.type.FloatType@3965bdf9
09:43:17.625 [main] DEBUG org.hibernate.type.BasicTypeRegistry - Adding type registration float -> org.hibernate.type.FloatType@3965bdf9
09:43:17.625 [main] DEBUG org.hibernate.type.BasicTypeRegistry - Adding type registration java.lang.Float -> org.hibernate.type.FloatType@3965bdf9
09:43:17.625 [main] DEBUG org.hibernate.type.BasicTypeRegistry - Adding type registration double -> org.hibernate.type.DoubleType@4dde8976
09:43:17.625 [main] DEBUG org.hibernate.type.BasicTypeRegistry - Adding type registration double -> org.hibernate.type.DoubleType@4dde8976
09:43:17.625 [main] DEBUG org.hibernate.type.BasicTypeRegistry - Adding type registration java.lang.Double -> org.hibernate.type.DoubleType@4dde8976
09:43:17.640 [main] DEBUG org.hibernate.type.BasicTypeRegistry - Adding type registration big_decimal -> org.hibernate.type.BigDecimalType@5649d11a
09:43:17.640 [main] DEBUG org.hibernate.type.BasicTypeRegistry - Adding type registration java.math.BigDecimal -> org.hibernate.type.BigDecimalType@5649d11a
09:43:17.640 [main] DEBUG org.hibernate.type.BasicTypeRegistry - Adding type registration big_integer -> org.hibernate.type.BigIntegerType@101ca8da
09:43:17.640 [main] DEBUG org.hibernate.type.BasicTypeRegistry - Adding type registration java.math.BigInteger -> org.hibernate.type.BigIntegerType@101ca8da
09:43:17.640 [main] DEBUG org.hibernate.type.BasicTypeRegistry - Adding type registration string -> org.hibernate.type.StringType@50a13c2f
09:43:17.640 [main] DEBUG org.hibernate.type.BasicTypeRegistry - Adding type registration java.lang.String -> org.hibernate.type.StringType@50a13c2f
09:43:17.640 [main] DEBUG org.hibernate.type.BasicTypeRegistry - Adding type registration nstring -> org.hibernate.type.StringNVarcharType@7c20cdd0
09:43:17.640 [main] DEBUG org.hibernate.type.BasicTypeRegistry - Adding type registration ncharacter -> org.hibernate.type.CharacterNCharType@7ae0cc89
09:43:17.640 [main] DEBUG org.hibernate.type.BasicTypeRegistry - Adding type registration url -> org.hibernate.type.UrlType@93824eb
09:43:17.640 [main] DEBUG org.hibernate.type.BasicTypeRegistry - Adding type registration java.net.URL -> org.hibernate.type.UrlType@93824eb
09:43:17.640 [main] DEBUG org.hibernate.type.BasicTypeRegistry - Adding type registration Duration -> org.hibernate.type.DurationType@659f226a
09:43:17.640 [main] DEBUG org.hibernate.type.BasicTypeRegistry - Adding type registration java.time.Duration -> org.hibernate.type.DurationType@659f226a
09:43:17.640 [main] DEBUG org.hibernate.type.BasicTypeRegistry - Adding type registration Instant -> org.hibernate.type.InstantType@32bb0072
09:43:17.640 [main] DEBUG org.hibernate.type.BasicTypeRegistry - Adding type registration java.time.Instant -> org.hibernate.type.InstantType@32bb0072
09:43:17.640 [main] DEBUG org.hibernate.type.BasicTypeRegistry - Adding type registration LocalDateTime -> org.hibernate.type.LocalDateTimeType@1e79d43
09:43:17.640 [main] DEBUG org.hibernate.type.BasicTypeRegistry - Adding type registration java.time.LocalDateTime -> org.hibernate.type.LocalDateTimeType@1e79d43
09:43:17.656 [main] DEBUG org.hibernate.type.BasicTypeRegistry - Adding type registration LocalDate -> org.hibernate.type.LocalDateType@889a8a8
09:43:17.672 [main] DEBUG org.hibernate.type.BasicTypeRegistry - Adding type registration java.time.LocalDate -> org.hibernate.type.LocalDateType@889a8a8
09:43:17.672 [main] DEBUG org.hibernate.type.BasicTypeRegistry - Adding type registration LocalTime -> org.hibernate.type.LocalTimeType@d919544
09:43:17.672 [main] DEBUG org.hibernate.type.BasicTypeRegistry - Adding type registration java.time.LocalTime -> org.hibernate.type.LocalTimeType@d919544
09:43:17.672 [main] DEBUG org.hibernate.type.BasicTypeRegistry - Adding type registration OffsetDateTime -> org.hibernate.type.OffsetDateTimeType@65f40689
09:43:17.672 [main] DEBUG org.hibernate.type.BasicTypeRegistry - Adding type registration java.time.OffsetDateTime -> org.hibernate.type.OffsetDateTimeType@65f40689
09:43:17.672 [main] DEBUG org.hibernate.type.BasicTypeRegistry - Adding type registration OffsetTime -> org.hibernate.type.OffsetTimeType@23da79eb
09:43:17.672 [main] DEBUG org.hibernate.type.BasicTypeRegistry - Adding type registration java.time.OffsetTime -> org.hibernate.type.OffsetTimeType@23da79eb
09:43:17.672 [main] DEBUG org.hibernate.type.BasicTypeRegistry - Adding type registration ZonedDateTime -> org.hibernate.type.ZonedDateTimeType@5be052ca
09:43:17.672 [main] DEBUG org.hibernate.type.BasicTypeRegistry - Adding type registration java.time.ZonedDateTime -> org.hibernate.type.ZonedDateTimeType@5be052ca
09:43:17.687 [main] DEBUG org.hibernate.type.BasicTypeRegistry - Adding type registration date -> org.hibernate.type.DateType@66813e6e
09:43:17.687 [main] DEBUG org.hibernate.type.BasicTypeRegistry - Adding type registration java.sql.Date -> org.hibernate.type.DateType@66813e6e
09:43:17.687 [main] DEBUG org.hibernate.type.BasicTypeRegistry - Adding type registration time -> org.hibernate.type.TimeType@65afeb6d
09:43:17.687 [main] DEBUG org.hibernate.type.BasicTypeRegistry - Adding type registration java.sql.Time -> org.hibernate.type.TimeType@65afeb6d
09:43:17.687 [main] DEBUG org.hibernate.type.BasicTypeRegistry - Adding type registration timestamp -> org.hibernate.type.TimestampType@3520963d
09:43:17.687 [main] DEBUG org.hibernate.type.BasicTypeRegistry - Adding type registration java.sql.Timestamp -> org.hibernate.type.TimestampType@3520963d
09:43:17.687 [main] DEBUG org.hibernate.type.BasicTypeRegistry - Adding type registration java.util.Date -> org.hibernate.type.TimestampType@3520963d
09:43:17.694 [main] DEBUG org.hibernate.type.BasicTypeRegistry - Adding type registration dbtimestamp -> org.hibernate.type.DbTimestampType@68b366e2
09:43:17.694 [main] DEBUG org.hibernate.type.BasicTypeRegistry - Adding type registration calendar -> org.hibernate.type.CalendarType@456bcb74
09:43:17.694 [main] DEBUG org.hibernate.type.BasicTypeRegistry - Adding type registration java.util.Calendar -> org.hibernate.type.CalendarType@456bcb74
09:43:17.694 [main] DEBUG org.hibernate.type.BasicTypeRegistry - Adding type registration java.util.GregorianCalendar -> org.hibernate.type.CalendarType@456bcb74
09:43:17.694 [main] DEBUG org.hibernate.type.BasicTypeRegistry - Adding type registration calendar_date -> org.hibernate.type.CalendarDateType@3e28fee1
09:43:17.694 [main] DEBUG org.hibernate.type.BasicTypeRegistry - Adding type registration calendar_time -> org.hibernate.type.CalendarTimeType@342e690b
09:43:17.694 [main] DEBUG org.hibernate.type.BasicTypeRegistry - Adding type registration locale -> org.hibernate.type.LocaleType@642ee49c
09:43:17.694 [main] DEBUG org.hibernate.type.BasicTypeRegistry - Adding type registration java.util.Locale -> org.hibernate.type.LocaleType@642ee49c
09:43:17.694 [main] DEBUG org.hibernate.type.BasicTypeRegistry - Adding type registration currency -> org.hibernate.type.CurrencyType@58a2d9f9
09:43:17.694 [main] DEBUG org.hibernate.type.BasicTypeRegistry - Adding type registration java.util.Currency -> org.hibernate.type.CurrencyType@58a2d9f9
09:43:17.694 [main] DEBUG org.hibernate.type.BasicTypeRegistry - Adding type registration timezone -> org.hibernate.type.TimeZoneType@a146b11
09:43:17.694 [main] DEBUG org.hibernate.type.BasicTypeRegistry - Adding type registration java.util.TimeZone -> org.hibernate.type.TimeZoneType@a146b11
09:43:17.694 [main] DEBUG org.hibernate.type.BasicTypeRegistry - Adding type registration class -> org.hibernate.type.ClassType@59c04bee
09:43:17.694 [main] DEBUG org.hibernate.type.BasicTypeRegistry - Adding type registration java.lang.Class -> org.hibernate.type.ClassType@59c04bee
09:43:17.694 [main] DEBUG org.hibernate.type.BasicTypeRegistry - Adding type registration uuid-binary -> org.hibernate.type.UUIDBinaryType@91f565d
09:43:17.694 [main] DEBUG org.hibernate.type.BasicTypeRegistry - Adding type registration java.util.UUID -> org.hibernate.type.UUIDBinaryType@91f565d
09:43:17.694 [main] DEBUG org.hibernate.type.BasicTypeRegistry - Adding type registration uuid-char -> org.hibernate.type.UUIDCharType@414f87a9
09:43:17.711 [main] DEBUG org.hibernate.type.BasicTypeRegistry - Adding type registration binary -> org.hibernate.type.BinaryType@2ed71727
09:43:17.711 [main] DEBUG org.hibernate.type.BasicTypeRegistry - Adding type registration byte[] -> org.hibernate.type.BinaryType@2ed71727
09:43:17.711 [main] DEBUG org.hibernate.type.BasicTypeRegistry - Adding type registration [B -> org.hibernate.type.BinaryType@2ed71727
09:43:17.711 [main] DEBUG org.hibernate.type.BasicTypeRegistry - Adding type registration wrapper-binary -> org.hibernate.type.WrapperBinaryType@4ed9f7b1
09:43:17.711 [main] DEBUG org.hibernate.type.BasicTypeRegistry - Adding type registration Byte[] -> org.hibernate.type.WrapperBinaryType@4ed9f7b1
09:43:17.711 [main] DEBUG org.hibernate.type.BasicTypeRegistry - Adding type registration [Ljava.lang.Byte; -> org.hibernate.type.WrapperBinaryType@4ed9f7b1
09:43:17.711 [main] DEBUG org.hibernate.type.BasicTypeRegistry - Adding type registration row_version -> org.hibernate.type.RowVersionType@2b916808
09:43:17.711 [main] DEBUG org.hibernate.type.BasicTypeRegistry - Adding type registration image -> org.hibernate.type.ImageType@78fe204a
09:43:17.711 [main] DEBUG org.hibernate.type.BasicTypeRegistry - Adding type registration characters -> org.hibernate.type.CharArrayType@3610f277
09:43:17.711 [main] DEBUG org.hibernate.type.BasicTypeRegistry - Adding type registration char[] -> org.hibernate.type.CharArrayType@3610f277
09:43:17.711 [main] DEBUG org.hibernate.type.BasicTypeRegistry - Adding type registration [C -> org.hibernate.type.CharArrayType@3610f277
09:43:17.711 [main] DEBUG org.hibernate.type.BasicTypeRegistry - Adding type registration wrapper-characters -> org.hibernate.type.CharacterArrayType@62c72501
09:43:17.711 [main] DEBUG org.hibernate.type.BasicTypeRegistry - Adding type registration [Ljava.lang.Character; -> org.hibernate.type.CharacterArrayType@62c72501
09:43:17.711 [main] DEBUG org.hibernate.type.BasicTypeRegistry - Adding type registration Character[] -> org.hibernate.type.CharacterArrayType@62c72501
09:43:17.711 [main] DEBUG org.hibernate.type.BasicTypeRegistry - Adding type registration text -> org.hibernate.type.TextType@23ed382c
09:43:17.711 [main] DEBUG org.hibernate.type.BasicTypeRegistry - Adding type registration ntext -> org.hibernate.type.NTextType@3850e90c
09:43:17.711 [main] DEBUG org.hibernate.type.BasicTypeRegistry - Adding type registration blob -> org.hibernate.type.BlobType@1ec22831
09:43:17.711 [main] DEBUG org.hibernate.type.BasicTypeRegistry - Adding type registration java.sql.Blob -> org.hibernate.type.BlobType@1ec22831
09:43:17.711 [main] DEBUG org.hibernate.type.BasicTypeRegistry - Adding type registration materialized_blob -> org.hibernate.type.MaterializedBlobType@4373f66f
09:43:17.711 [main] DEBUG org.hibernate.type.BasicTypeRegistry - Adding type registration clob -> org.hibernate.type.ClobType@57a6a933
09:43:17.711 [main] DEBUG org.hibernate.type.BasicTypeRegistry - Adding type registration java.sql.Clob -> org.hibernate.type.ClobType@57a6a933
09:43:17.726 [main] DEBUG org.hibernate.type.BasicTypeRegistry - Adding type registration nclob -> org.hibernate.type.NClobType@270d43a7
09:43:17.726 [main] DEBUG org.hibernate.type.BasicTypeRegistry - Adding type registration java.sql.NClob -> org.hibernate.type.NClobType@270d43a7
09:43:17.726 [main] DEBUG org.hibernate.type.BasicTypeRegistry - Adding type registration materialized_clob -> org.hibernate.type.MaterializedClobType@1e84f3c8
09:43:17.726 [main] DEBUG org.hibernate.type.BasicTypeRegistry - Adding type registration materialized_nclob -> org.hibernate.type.MaterializedNClobType@5d5a51b1
09:43:17.726 [main] DEBUG org.hibernate.type.BasicTypeRegistry - Adding type registration serializable -> org.hibernate.type.SerializableType@7a2ab862
09:43:17.726 [main] DEBUG org.hibernate.type.BasicTypeRegistry - Adding type registration object -> org.hibernate.type.ObjectType@54a2d96e
09:43:17.726 [main] DEBUG org.hibernate.type.BasicTypeRegistry - Adding type registration java.lang.Object -> org.hibernate.type.ObjectType@54a2d96e
09:43:17.726 [main] DEBUG org.hibernate.type.BasicTypeRegistry - Adding type registration imm_date -> org.hibernate.type.AdaptedImmutableType@2da99821
09:43:17.726 [main] DEBUG org.hibernate.type.BasicTypeRegistry - Adding type registration imm_time -> org.hibernate.type.AdaptedImmutableType@62cba181
09:43:17.726 [main] DEBUG org.hibernate.type.BasicTypeRegistry - Adding type registration imm_timestamp -> org.hibernate.type.AdaptedImmutableType@1b482cbf
09:43:17.726 [main] DEBUG org.hibernate.type.BasicTypeRegistry - Adding type registration imm_dbtimestamp -> org.hibernate.type.AdaptedImmutableType@661fe025
09:43:17.726 [main] DEBUG org.hibernate.type.BasicTypeRegistry - Adding type registration imm_calendar -> org.hibernate.type.AdaptedImmutableType@7161457
09:43:17.726 [main] DEBUG org.hibernate.type.BasicTypeRegistry - Adding type registration imm_calendar_date -> org.hibernate.type.AdaptedImmutableType@38ee7a9d
09:43:17.726 [main] DEBUG org.hibernate.type.BasicTypeRegistry - Adding type registration imm_binary -> org.hibernate.type.AdaptedImmutableType@629984eb
09:43:17.726 [main] DEBUG org.hibernate.type.BasicTypeRegistry - Adding type registration imm_serializable -> org.hibernate.type.AdaptedImmutableType@7b1e5e55
09:43:17.758 [main] DEBUG org.hibernate.boot.internal.BootstrapContextImpl - Injecting JPA temp ClassLoader [org.springframework.instrument.classloading.SimpleThrowawayClassLoader@2fbe26da] into BootstrapContext; was [null]
09:43:17.758 [main] DEBUG org.hibernate.boot.internal.ClassLoaderAccessImpl - ClassLoaderAccessImpl#injectTempClassLoader(org.springframework.instrument.classloading.SimpleThrowawayClassLoader@2fbe26da) [was null]
09:43:17.758 [main] DEBUG org.hibernate.boot.internal.BootstrapContextImpl - Injecting ScanEnvironment [org.hibernate.jpa.boot.internal.StandardJpaScanEnvironmentImpl@106b014e] into BootstrapContext; was [null]
09:43:17.758 [main] DEBUG org.hibernate.boot.internal.BootstrapContextImpl - Injecting ScanOptions [org.hibernate.boot.archive.scan.internal.StandardScanOptions@64387c17] into BootstrapContext; was [org.hibernate.boot.archive.scan.internal.StandardScanOptions@7c369270]
09:43:17.814 [main] DEBUG org.hibernate.boot.internal.BootstrapContextImpl - Injecting JPA temp ClassLoader [null] into BootstrapContext; was [org.springframework.instrument.classloading.SimpleThrowawayClassLoader@2fbe26da]
09:43:17.816 [main] DEBUG org.hibernate.boot.internal.ClassLoaderAccessImpl - ClassLoaderAccessImpl#injectTempClassLoader(null) [was org.springframework.instrument.classloading.SimpleThrowawayClassLoader@2fbe26da]
09:43:17.834 [main] DEBUG org.hibernate.id.factory.internal.DefaultIdentifierGeneratorFactory - Registering IdentifierGenerator strategy [uuid2] -> [org.hibernate.id.UUIDGenerator]
09:43:17.834 [main] DEBUG org.hibernate.id.factory.internal.DefaultIdentifierGeneratorFactory - Registering IdentifierGenerator strategy [guid] -> [org.hibernate.id.GUIDGenerator]
09:43:17.837 [main] DEBUG org.hibernate.id.factory.internal.DefaultIdentifierGeneratorFactory - Registering IdentifierGenerator strategy [uuid] -> [org.hibernate.id.UUIDHexGenerator]
09:43:17.837 [main] DEBUG org.hibernate.id.factory.internal.DefaultIdentifierGeneratorFactory - Registering IdentifierGenerator strategy [uuid.hex] -> [org.hibernate.id.UUIDHexGenerator]
09:43:17.837 [main] DEBUG org.hibernate.id.factory.internal.DefaultIdentifierGeneratorFactory - Registering IdentifierGenerator strategy [assigned] -> [org.hibernate.id.Assigned]
09:43:17.837 [main] DEBUG org.hibernate.id.factory.internal.DefaultIdentifierGeneratorFactory - Registering IdentifierGenerator strategy [identity] -> [org.hibernate.id.IdentityGenerator]
09:43:17.837 [main] DEBUG org.hibernate.id.factory.internal.DefaultIdentifierGeneratorFactory - Registering IdentifierGenerator strategy [select] -> [org.hibernate.id.SelectGenerator]
09:43:17.837 [main] DEBUG org.hibernate.id.factory.internal.DefaultIdentifierGeneratorFactory - Registering IdentifierGenerator strategy [sequence] -> [org.hibernate.id.enhanced.SequenceStyleGenerator]
09:43:17.845 [main] DEBUG org.hibernate.id.factory.internal.DefaultIdentifierGeneratorFactory - Registering IdentifierGenerator strategy [seqhilo] -> [org.hibernate.id.SequenceHiLoGenerator]
09:43:17.845 [main] DEBUG org.hibernate.id.factory.internal.DefaultIdentifierGeneratorFactory - Registering IdentifierGenerator strategy [increment] -> [org.hibernate.id.IncrementGenerator]
09:43:17.847 [main] DEBUG org.hibernate.id.factory.internal.DefaultIdentifierGeneratorFactory - Registering IdentifierGenerator strategy [foreign] -> [org.hibernate.id.ForeignGenerator]
09:43:17.847 [main] DEBUG org.hibernate.id.factory.internal.DefaultIdentifierGeneratorFactory - Registering IdentifierGenerator strategy [sequence-identity] -> [org.hibernate.id.SequenceIdentityGenerator]
09:43:17.847 [main] DEBUG org.hibernate.id.factory.internal.DefaultIdentifierGeneratorFactory - Registering IdentifierGenerator strategy [enhanced-sequence] -> [org.hibernate.id.enhanced.SequenceStyleGenerator]
09:43:17.847 [main] DEBUG org.hibernate.id.factory.internal.DefaultIdentifierGeneratorFactory - Registering IdentifierGenerator strategy [enhanced-table] -> [org.hibernate.id.enhanced.TableGenerator]
09:43:17.857 [main] DEBUG org.hibernate.engine.jdbc.env.internal.JdbcEnvironmentInitiator - Database ->
       name : H2
    version : 1.4.200 (2019-10-14)
      major : 1
      minor : 4
09:43:17.857 [main] DEBUG org.hibernate.engine.jdbc.env.internal.JdbcEnvironmentInitiator - Driver ->
       name : H2 JDBC Driver
    version : 1.4.200 (2019-10-14)
      major : 1
      minor : 4
09:43:17.857 [main] DEBUG org.hibernate.engine.jdbc.env.internal.JdbcEnvironmentInitiator - JDBC version : 4.1
09:43:17.905 [main] INFO org.hibernate.dialect.Dialect - HHH000400: Using dialect: org.hibernate.dialect.H2Dialect
09:43:17.968 [main] DEBUG org.hibernate.engine.jdbc.env.spi.IdentifierHelperBuilder - JDBC driver metadata reported database stores quoted identifiers in neither upper, lower nor mixed case
09:43:18.009 [main] DEBUG org.hibernate.boot.model.relational.Namespace - Created database namespace [logicalName=Name{catalog=null, schema=null}, physicalName=Name{catalog=null, schema=null}]
09:43:18.019 [main] DEBUG org.hibernate.type.spi.TypeConfiguration$Scope - Scoping TypeConfiguration [org.hibernate.type.spi.TypeConfiguration@733fb462] to MetadataBuildingContext [org.hibernate.boot.internal.MetadataBuildingContextRootImpl@623e0631]
09:43:18.088 [main] DEBUG org.hibernate.cfg.AnnotationBinder - Binding entity from annotated class: evtest.model.Cat
09:43:18.110 [main] DEBUG org.hibernate.cfg.Ejb3Column - Binding column: Ejb3DiscriminatorColumn{logicalColumnName'DTYPE', discriminatorTypeName='string'}
09:43:18.120 [main] DEBUG org.hibernate.cfg.annotations.EntityBinder - Import with entity name Cat
09:43:18.128 [main] DEBUG org.hibernate.cfg.annotations.EntityBinder - Bind entity evtest.model.Cat on table cat
09:43:18.161 [main] DEBUG org.hibernate.cfg.Ejb3Column - Binding column: Ejb3Column{table=org.hibernate.mapping.Table(cat), mappingColumn=id, insertable=true, updatable=true, unique=false}
09:43:18.161 [main] DEBUG org.hibernate.boot.internal.ClassLoaderAccessImpl - Not known whether passed class name [evtest.model.Cat] is safe
09:43:18.161 [main] DEBUG org.hibernate.boot.internal.ClassLoaderAccessImpl - No temp ClassLoader provided; using live ClassLoader for loading potentially unsafe class : evtest.model.Cat
09:43:18.161 [main] DEBUG org.hibernate.cfg.annotations.PropertyBinder - MetadataSourceProcessor property id with lazy=false
09:43:18.169 [main] DEBUG org.hibernate.cfg.AbstractPropertyHolder - Attempting to locate auto-apply AttributeConverter for property [evtest.model.Cat:id]
09:43:18.171 [main] DEBUG org.hibernate.cfg.annotations.SimpleValueBinder - building SimpleValue for id
09:43:18.171 [main] DEBUG org.hibernate.cfg.annotations.PropertyBinder - Building property id
09:43:18.181 [main] DEBUG org.hibernate.cfg.BinderHelper - #makeIdGenerator(org.hibernate.mapping.SimpleValue([org.hibernate.mapping.Column(id)]), id, org.hibernate.id.enhanced.SequenceStyleGenerator, , ...)
09:43:18.181 [main] DEBUG org.hibernate.cfg.Ejb3Column - Binding column: Ejb3Column{table=org.hibernate.mapping.Table(cat), mappingColumn=age, insertable=true, updatable=true, unique=false}
09:43:18.181 [main] DEBUG org.hibernate.cfg.annotations.PropertyBinder - MetadataSourceProcessor property age with lazy=false
09:43:18.181 [main] DEBUG org.hibernate.cfg.AbstractPropertyHolder - Attempting to locate auto-apply AttributeConverter for property [evtest.model.Cat:age]
09:43:18.181 [main] DEBUG org.hibernate.cfg.annotations.SimpleValueBinder - building SimpleValue for age
09:43:18.181 [main] DEBUG org.hibernate.cfg.annotations.PropertyBinder - Building property age
09:43:18.181 [main] DEBUG org.hibernate.cfg.Ejb3Column - Binding column: Ejb3JoinColumn{logicalColumnName='null', referencedColumn='null', mappedBy='null'}
09:43:18.181 [main] DEBUG org.hibernate.cfg.Ejb3Column - Binding column: Ejb3Column{table=org.hibernate.mapping.Table(cat), mappingColumn=father, insertable=true, updatable=true, unique=false}
09:43:18.181 [main] DEBUG org.hibernate.cfg.annotations.PropertyBinder - Building property father
09:43:18.189 [main] DEBUG org.hibernate.cfg.Ejb3Column - Binding column: Ejb3Column{table=org.hibernate.mapping.Table(cat), mappingColumn=null, insertable=true, updatable=true, unique=false}
09:43:18.201 [main] DEBUG org.hibernate.cfg.Ejb3Column - Binding column: Ejb3Column{table=org.hibernate.mapping.Table(cat), mappingColumn=element, insertable=true, updatable=true, unique=false}
09:43:18.201 [main] DEBUG org.hibernate.cfg.Ejb3Column - Binding column: Ejb3Column{table=org.hibernate.mapping.Table(cat), mappingColumn=kittens_key, insertable=true, updatable=true, unique=false}
09:43:18.201 [main] DEBUG org.hibernate.cfg.Ejb3Column - Binding column: Ejb3JoinColumn{logicalColumnName='kittens_KEY', referencedColumn='null', mappedBy='null'}
09:43:18.201 [main] DEBUG org.hibernate.cfg.Ejb3Column - Binding column: Ejb3JoinColumn{logicalColumnName='null', referencedColumn='null', mappedBy=''}
09:43:18.201 [main] DEBUG org.hibernate.cfg.Ejb3Column - Binding column: Ejb3JoinColumn{logicalColumnName='null', referencedColumn='null', mappedBy=''}
09:43:18.201 [main] DEBUG org.hibernate.cfg.annotations.CollectionBinder - Collection role: evtest.model.Cat.kittens
09:43:18.201 [main] DEBUG org.hibernate.cfg.annotations.PropertyBinder - Building property kittens
09:43:18.201 [main] DEBUG org.hibernate.cfg.Ejb3Column - Binding column: Ejb3JoinColumn{logicalColumnName='null', referencedColumn='null', mappedBy='null'}
09:43:18.201 [main] DEBUG org.hibernate.cfg.Ejb3Column - Binding column: Ejb3Column{table=org.hibernate.mapping.Table(cat), mappingColumn=mother, insertable=true, updatable=true, unique=false}
09:43:18.201 [main] DEBUG org.hibernate.cfg.annotations.PropertyBinder - Building property mother
09:43:18.209 [main] DEBUG org.hibernate.cfg.Ejb3Column - Binding column: Ejb3Column{table=org.hibernate.mapping.Table(cat), mappingColumn=name, insertable=true, updatable=true, unique=false}
09:43:18.210 [main] DEBUG org.hibernate.cfg.annotations.PropertyBinder - MetadataSourceProcessor property name with lazy=false
09:43:18.210 [main] DEBUG org.hibernate.cfg.AbstractPropertyHolder - Attempting to locate auto-apply AttributeConverter for property [evtest.model.Cat:name]
09:43:18.210 [main] DEBUG org.hibernate.cfg.annotations.SimpleValueBinder - building SimpleValue for name
09:43:18.210 [main] DEBUG org.hibernate.cfg.annotations.PropertyBinder - Building property name
09:43:18.210 [main] DEBUG org.hibernate.cfg.Ejb3Column - Binding column: Ejb3JoinColumn{logicalColumnName='null', referencedColumn='null', mappedBy='null'}
09:43:18.210 [main] DEBUG org.hibernate.cfg.Ejb3Column - Binding column: Ejb3Column{table=org.hibernate.mapping.Table(cat), mappingColumn=owner, insertable=true, updatable=true, unique=false}
09:43:18.210 [main] DEBUG org.hibernate.cfg.annotations.PropertyBinder - Building property owner
09:43:18.212 [main] DEBUG org.hibernate.cfg.AnnotationBinder - Binding entity from annotated class: evtest.model.Person
09:43:18.212 [main] DEBUG org.hibernate.cfg.Ejb3Column - Binding column: Ejb3DiscriminatorColumn{logicalColumnName'DTYPE', discriminatorTypeName='string'}
09:43:18.212 [main] DEBUG org.hibernate.cfg.annotations.EntityBinder - Import with entity name Person
09:43:18.212 [main] DEBUG org.hibernate.cfg.annotations.EntityBinder - Bind entity evtest.model.Person on table person
09:43:18.212 [main] DEBUG org.hibernate.cfg.Ejb3Column - Binding column: Ejb3Column{table=org.hibernate.mapping.Table(person), mappingColumn=id, insertable=true, updatable=true, unique=false}
09:43:18.212 [main] DEBUG org.hibernate.boot.internal.ClassLoaderAccessImpl - Not known whether passed class name [evtest.model.Person] is safe
09:43:18.212 [main] DEBUG org.hibernate.boot.internal.ClassLoaderAccessImpl - No temp ClassLoader provided; using live ClassLoader for loading potentially unsafe class : evtest.model.Person
09:43:18.212 [main] DEBUG org.hibernate.cfg.annotations.PropertyBinder - MetadataSourceProcessor property id with lazy=false
09:43:18.212 [main] DEBUG org.hibernate.cfg.AbstractPropertyHolder - Attempting to locate auto-apply AttributeConverter for property [evtest.model.Person:id]
09:43:18.212 [main] DEBUG org.hibernate.cfg.annotations.SimpleValueBinder - building SimpleValue for id
09:43:18.212 [main] DEBUG org.hibernate.cfg.annotations.PropertyBinder - Building property id
09:43:18.212 [main] DEBUG org.hibernate.cfg.BinderHelper - #makeIdGenerator(org.hibernate.mapping.SimpleValue([org.hibernate.mapping.Column(id)]), id, org.hibernate.id.enhanced.SequenceStyleGenerator, , ...)
09:43:18.212 [main] DEBUG org.hibernate.cfg.Ejb3Column - Binding column: Ejb3JoinColumn{logicalColumnName='null', referencedColumn='null', mappedBy='owner'}
09:43:18.212 [main] DEBUG org.hibernate.cfg.Ejb3Column - Binding column: Ejb3Column{table=org.hibernate.mapping.Table(person), mappingColumn=kittens, insertable=true, updatable=true, unique=false}
09:43:18.212 [main] DEBUG org.hibernate.cfg.Ejb3Column - Binding column: Ejb3Column{table=org.hibernate.mapping.Table(person), mappingColumn=null, insertable=true, updatable=true, unique=false}
09:43:18.212 [main] DEBUG org.hibernate.cfg.Ejb3Column - Binding column: Ejb3Column{table=org.hibernate.mapping.Table(person), mappingColumn=element, insertable=true, updatable=true, unique=false}
09:43:18.212 [main] DEBUG org.hibernate.cfg.Ejb3Column - Binding column: Ejb3Column{table=org.hibernate.mapping.Table(person), mappingColumn=kittens_key, insertable=true, updatable=true, unique=false}
09:43:18.212 [main] DEBUG org.hibernate.cfg.Ejb3Column - Binding column: Ejb3JoinColumn{logicalColumnName='kittens_KEY', referencedColumn='null', mappedBy='null'}
09:43:18.212 [main] DEBUG org.hibernate.cfg.Ejb3Column - Binding column: Ejb3JoinColumn{logicalColumnName='null', referencedColumn='null', mappedBy='owner'}
09:43:18.212 [main] DEBUG org.hibernate.cfg.Ejb3Column - Binding column: Ejb3JoinColumn{logicalColumnName='null', referencedColumn='null', mappedBy='owner'}
09:43:18.212 [main] DEBUG org.hibernate.cfg.annotations.CollectionBinder - Collection role: evtest.model.Person.kittens
09:43:18.212 [main] DEBUG org.hibernate.cfg.annotations.PropertyBinder - Building property kittens
09:43:18.212 [main] DEBUG org.hibernate.cfg.Ejb3Column - Binding column: Ejb3Column{table=org.hibernate.mapping.Table(person), mappingColumn=name, insertable=true, updatable=true, unique=false}
09:43:18.212 [main] DEBUG org.hibernate.cfg.annotations.PropertyBinder - MetadataSourceProcessor property name with lazy=false
09:43:18.212 [main] DEBUG org.hibernate.cfg.AbstractPropertyHolder - Attempting to locate auto-apply AttributeConverter for property [evtest.model.Person:name]
09:43:18.212 [main] DEBUG org.hibernate.cfg.annotations.SimpleValueBinder - building SimpleValue for name
09:43:18.212 [main] DEBUG org.hibernate.cfg.annotations.PropertyBinder - Building property name
09:43:18.220 [main] DEBUG org.hibernate.cfg.AnnotationBinder - Binding entity from annotated class: evtest.model.item.ItemType
09:43:18.220 [main] DEBUG org.hibernate.cfg.AnnotationBinder - Ignoring implicit (absent) DiscriminatorColumn
09:43:18.220 [main] DEBUG org.hibernate.cfg.annotations.EntityBinder - Import with entity name ItemType
09:43:18.220 [main] DEBUG org.hibernate.cfg.annotations.EntityBinder - Bind entity evtest.model.item.ItemType on table item_type
09:43:18.222 [main] DEBUG org.hibernate.cfg.Ejb3Column - Binding column: Ejb3Column{table=org.hibernate.mapping.Table(item_type), mappingColumn=id, insertable=true, updatable=true, unique=false}
09:43:18.222 [main] DEBUG org.hibernate.boot.internal.ClassLoaderAccessImpl - Not known whether passed class name [evtest.model.item.ItemType] is safe
09:43:18.222 [main] DEBUG org.hibernate.boot.internal.ClassLoaderAccessImpl - No temp ClassLoader provided; using live ClassLoader for loading potentially unsafe class : evtest.model.item.ItemType
09:43:18.222 [main] DEBUG org.hibernate.cfg.annotations.PropertyBinder - MetadataSourceProcessor property id with lazy=false
09:43:18.222 [main] DEBUG org.hibernate.cfg.AbstractPropertyHolder - Attempting to locate auto-apply AttributeConverter for property [evtest.model.item.ItemType:id]
09:43:18.222 [main] DEBUG org.hibernate.cfg.annotations.SimpleValueBinder - building SimpleValue for id
09:43:18.222 [main] DEBUG org.hibernate.cfg.annotations.PropertyBinder - Building property id
09:43:18.222 [main] DEBUG org.hibernate.cfg.BinderHelper - #makeIdGenerator(org.hibernate.mapping.SimpleValue([org.hibernate.mapping.Column(id)]), id, assigned, , ...)
09:43:18.222 [main] DEBUG org.hibernate.cfg.Ejb3Column - Binding column: Ejb3JoinColumn{logicalColumnName='null', referencedColumn='null', mappedBy='null'}
09:43:18.222 [main] DEBUG org.hibernate.cfg.Ejb3Column - Binding column: Ejb3Column{table=org.hibernate.mapping.Table(item_type), mappingColumn=_ref_type, insertable=true, updatable=true, unique=false}
09:43:18.222 [main] DEBUG org.hibernate.cfg.annotations.PropertyBinder - Building property _refType
09:43:18.222 [main] DEBUG org.hibernate.cfg.Ejb3Column - Binding column: Ejb3Column{table=org.hibernate.mapping.Table(item_type), mappingColumn=dscr_item, insertable=true, updatable=true, unique=false}
09:43:18.222 [main] DEBUG org.hibernate.cfg.annotations.PropertyBinder - MetadataSourceProcessor property dscrItem with lazy=false
09:43:18.222 [main] DEBUG org.hibernate.cfg.AbstractPropertyHolder - Attempting to locate auto-apply AttributeConverter for property [evtest.model.item.ItemType:dscrItem]
09:43:18.222 [main] DEBUG org.hibernate.cfg.annotations.SimpleValueBinder - building SimpleValue for dscrItem
09:43:18.222 [main] DEBUG org.hibernate.cfg.annotations.PropertyBinder - Building property dscrItem
09:43:18.222 [main] DEBUG org.hibernate.cfg.AnnotationBinder - Binding entity from annotated class: evtest.model.item.ItemTypeA
09:43:18.222 [main] DEBUG org.hibernate.cfg.Ejb3Column - Binding column: Ejb3JoinColumn{logicalColumnName='id', referencedColumn='null', mappedBy='null'}
09:43:18.222 [main] DEBUG org.hibernate.cfg.annotations.EntityBinder - Import with entity name ItemTypeA
09:43:18.222 [main] DEBUG org.hibernate.cfg.annotations.EntityBinder - Bind entity evtest.model.item.ItemTypeA on table item_typea
09:43:18.222 [main] DEBUG org.hibernate.cfg.AnnotationBinder - Binding entity from annotated class: evtest.model.item.ItemTypeB
09:43:18.230 [main] DEBUG org.hibernate.cfg.Ejb3Column - Binding column: Ejb3JoinColumn{logicalColumnName='id', referencedColumn='null', mappedBy='null'}
09:43:18.230 [main] DEBUG org.hibernate.cfg.annotations.EntityBinder - Import with entity name ItemTypeB
09:43:18.230 [main] DEBUG org.hibernate.cfg.annotations.EntityBinder - Bind entity evtest.model.item.ItemTypeB on table item_typeb
09:43:18.230 [main] DEBUG org.hibernate.cfg.AnnotationBinder - Binding entity from annotated class: evtest.model.ref.RefType
09:43:18.230 [main] DEBUG org.hibernate.cfg.AnnotationBinder - Ignoring implicit (absent) DiscriminatorColumn
09:43:18.230 [main] DEBUG org.hibernate.cfg.annotations.EntityBinder - Import with entity name RefType
09:43:18.230 [main] DEBUG org.hibernate.cfg.annotations.EntityBinder - Bind entity evtest.model.ref.RefType on table ref_type
09:43:18.232 [main] DEBUG org.hibernate.cfg.Ejb3Column - Binding column: Ejb3Column{table=org.hibernate.mapping.Table(ref_type), mappingColumn=id, insertable=true, updatable=true, unique=false}
09:43:18.232 [main] DEBUG org.hibernate.boot.internal.ClassLoaderAccessImpl - Not known whether passed class name [evtest.model.ref.RefType] is safe
09:43:18.232 [main] DEBUG org.hibernate.boot.internal.ClassLoaderAccessImpl - No temp ClassLoader provided; using live ClassLoader for loading potentially unsafe class : evtest.model.ref.RefType
09:43:18.232 [main] DEBUG org.hibernate.cfg.annotations.PropertyBinder - MetadataSourceProcessor property id with lazy=false
09:43:18.232 [main] DEBUG org.hibernate.cfg.AbstractPropertyHolder - Attempting to locate auto-apply AttributeConverter for property [evtest.model.ref.RefType:id]
09:43:18.232 [main] DEBUG org.hibernate.cfg.annotations.SimpleValueBinder - building SimpleValue for id
09:43:18.232 [main] DEBUG org.hibernate.cfg.annotations.PropertyBinder - Building property id
09:43:18.232 [main] DEBUG org.hibernate.cfg.BinderHelper - #makeIdGenerator(org.hibernate.mapping.SimpleValue([org.hibernate.mapping.Column(id)]), id, assigned, , ...)
09:43:18.232 [main] DEBUG org.hibernate.cfg.Ejb3Column - Binding column: Ejb3Column{table=org.hibernate.mapping.Table(ref_type), mappingColumn=id_group, insertable=true, updatable=true, unique=false}
09:43:18.232 [main] DEBUG org.hibernate.cfg.annotations.PropertyBinder - MetadataSourceProcessor property idGroup with lazy=false
09:43:18.232 [main] DEBUG org.hibernate.cfg.AbstractPropertyHolder - Attempting to locate auto-apply AttributeConverter for property [evtest.model.ref.RefType:idGroup]
09:43:18.232 [main] DEBUG org.hibernate.cfg.annotations.SimpleValueBinder - building SimpleValue for idGroup
09:43:18.232 [main] DEBUG org.hibernate.cfg.annotations.PropertyBinder - Building property idGroup
09:43:18.232 [main] DEBUG org.hibernate.cfg.Ejb3Column - Binding column: Ejb3Column{table=org.hibernate.mapping.Table(ref_type), mappingColumn=version_number, insertable=true, updatable=true, unique=false}
09:43:18.232 [main] DEBUG org.hibernate.cfg.annotations.PropertyBinder - MetadataSourceProcessor property versionNumber with lazy=false
09:43:18.232 [main] DEBUG org.hibernate.cfg.AbstractPropertyHolder - Attempting to locate auto-apply AttributeConverter for property [evtest.model.ref.RefType:versionNumber]
09:43:18.232 [main] DEBUG org.hibernate.cfg.annotations.SimpleValueBinder - building SimpleValue for versionNumber
09:43:18.232 [main] DEBUG org.hibernate.cfg.annotations.PropertyBinder - Building property versionNumber
09:43:18.232 [main] DEBUG org.hibernate.cfg.AnnotationBinder - Binding entity from annotated class: evtest.model.ref.RefTypeA
09:43:18.232 [main] DEBUG org.hibernate.cfg.Ejb3Column - Binding column: Ejb3JoinColumn{logicalColumnName='id', referencedColumn='null', mappedBy='null'}
09:43:18.232 [main] DEBUG org.hibernate.cfg.annotations.EntityBinder - Import with entity name RefTypeA
09:43:18.232 [main] DEBUG org.hibernate.cfg.annotations.EntityBinder - Bind entity evtest.model.ref.RefTypeA on table ref_typea
09:43:18.232 [main] DEBUG org.hibernate.cfg.Ejb3Column - Binding column: Ejb3Column{table=org.hibernate.mapping.Table(ref_typea), mappingColumn=valuea, insertable=true, updatable=true, unique=false}
09:43:18.232 [main] DEBUG org.hibernate.cfg.annotations.PropertyBinder - MetadataSourceProcessor property valueA with lazy=false
09:43:18.232 [main] DEBUG org.hibernate.cfg.AbstractPropertyHolder - Attempting to locate auto-apply AttributeConverter for property [evtest.model.ref.RefTypeA:valueA]
09:43:18.232 [main] DEBUG org.hibernate.cfg.annotations.SimpleValueBinder - building SimpleValue for valueA
09:43:18.232 [main] DEBUG org.hibernate.cfg.annotations.PropertyBinder - Building property valueA
09:43:18.232 [main] DEBUG org.hibernate.cfg.AnnotationBinder - Binding entity from annotated class: evtest.model.ref.RefTypeB
09:43:18.232 [main] DEBUG org.hibernate.cfg.Ejb3Column - Binding column: Ejb3JoinColumn{logicalColumnName='id', referencedColumn='null', mappedBy='null'}
09:43:18.232 [main] DEBUG org.hibernate.cfg.annotations.EntityBinder - Import with entity name RefTypeB
09:43:18.232 [main] DEBUG org.hibernate.cfg.annotations.EntityBinder - Bind entity evtest.model.ref.RefTypeB on table ref_typeb
09:43:18.240 [main] DEBUG org.hibernate.cfg.Ejb3Column - Binding column: Ejb3Column{table=org.hibernate.mapping.Table(ref_typeb), mappingColumn=valueb, insertable=true, updatable=true, unique=false}
[...]
09:43:21.225 [main] DEBUG org.springframework.beans.factory.support.DefaultListableBeanFactory - Creating shared instance of singleton bean 'spring.jdbc-org.springframework.boot.autoconfigure.jdbc.JdbcProperties'
09:43:21.225 [main] DEBUG org.springframework.beans.factory.support.DefaultListableBeanFactory - Autowiring by type from bean name 'jdbcTemplate' via factory method to bean named 'dataSource'
09:43:21.225 [main] DEBUG org.springframework.beans.factory.support.DefaultListableBeanFactory - Autowiring by type from bean name 'jdbcTemplate' via factory method to bean named 'spring.jdbc-org.springframework.boot.autoconfigure.jdbc.JdbcProperties'
09:43:21.240 [main] DEBUG org.springframework.beans.factory.support.DefaultListableBeanFactory - Creating shared instance of singleton bean 'org.springframework.boot.autoconfigure.jdbc.NamedParameterJdbcTemplateConfiguration'
09:43:21.240 [main] DEBUG org.springframework.beans.factory.support.DefaultListableBeanFactory - Creating shared instance of singleton bean 'namedParameterJdbcTemplate'
09:43:21.240 [main] DEBUG org.springframework.beans.factory.support.DefaultListableBeanFactory - Autowiring by type from bean name 'namedParameterJdbcTemplate' via factory method to bean named 'jdbcTemplate'
09:43:21.240 [main] DEBUG org.springframework.beans.factory.support.DefaultListableBeanFactory - Creating shared instance of singleton bean 'org.springframework.boot.autoconfigure.jdbc.JdbcTemplateAutoConfiguration'
09:43:21.240 [main] DEBUG org.springframework.beans.factory.support.DefaultListableBeanFactory - Creating shared instance of singleton bean 'org.springframework.boot.autoconfigure.task.TaskSchedulingAutoConfiguration'
09:43:21.240 [main] DEBUG org.springframework.beans.factory.support.DefaultListableBeanFactory - Creating shared instance of singleton bean 'taskSchedulerBuilder'
09:43:21.240 [main] DEBUG org.springframework.beans.factory.support.DefaultListableBeanFactory - Creating shared instance of singleton bean 'spring.task.scheduling-org.springframework.boot.autoconfigure.task.TaskSchedulingProperties'
09:43:21.240 [main] DEBUG org.springframework.beans.factory.support.DefaultListableBeanFactory - Autowiring by type from bean name 'taskSchedulerBuilder' via factory method to bean named 'spring.task.scheduling-org.springframework.boot.autoconfigure.task.TaskSchedulingProperties'
09:43:21.256 [main] DEBUG org.springframework.beans.factory.support.DefaultListableBeanFactory - Creating shared instance of singleton bean 'org.springframework.boot.autoconfigure.jdbc.DataSourceTransactionManagerAutoConfiguration$JdbcTransactionManagerConfiguration'
09:43:21.256 [main] DEBUG org.springframework.beans.factory.support.DefaultListableBeanFactory - Creating shared instance of singleton bean 'org.springframework.boot.autoconfigure.jdbc.DataSourceTransactionManagerAutoConfiguration'
09:43:21.256 [main] DEBUG org.springframework.beans.factory.support.DefaultListableBeanFactory - Creating shared instance of singleton bean 'org.springframework.boot.autoconfigure.transaction.TransactionAutoConfiguration$EnableTransactionManagementConfiguration$CglibAutoProxyConfiguration'
09:43:21.256 [main] DEBUG org.springframework.beans.factory.support.DefaultListableBeanFactory - Creating shared instance of singleton bean 'org.springframework.boot.autoconfigure.transaction.TransactionAutoConfiguration$EnableTransactionManagementConfiguration'
09:43:21.256 [main] DEBUG org.springframework.beans.factory.support.DefaultListableBeanFactory - Creating shared instance of singleton bean 'org.springframework.boot.autoconfigure.transaction.TransactionAutoConfiguration$TransactionTemplateConfiguration'
09:43:21.256 [main] DEBUG org.springframework.beans.factory.support.DefaultListableBeanFactory - Creating shared instance of singleton bean 'transactionTemplate'
09:43:21.256 [main] DEBUG org.springframework.beans.factory.support.DefaultListableBeanFactory - Autowiring by type from bean name 'transactionTemplate' via factory method to bean named 'transactionManager'
09:43:21.256 [main] DEBUG org.springframework.beans.factory.support.DefaultListableBeanFactory - Creating shared instance of singleton bean 'org.springframework.boot.autoconfigure.web.client.RestTemplateAutoConfiguration'
09:43:21.271 [main] DEBUG org.springframework.test.context.cache.DefaultCacheAwareContextLoaderDelegate - Storing ApplicationContext [4766562] in cache under key [[MergedContextConfiguration@6e9175d8 testClass = SampleTest, locations = '{}', classes = '{class evtest.sample.SampleTest$TestConfig}', contextInitializerClasses = '[]', activeProfiles = '{}', propertySourceLocations = '{}', propertySourceProperties = '{}', contextCustomizers = set[[empty]], contextLoader = 'org.springframework.test.context.support.DelegatingSmartContextLoader', parent = [null]]]
09:43:21.271 [main] DEBUG org.springframework.test.context.cache - Spring test ApplicationContext cache statistics: [DefaultContextCache@6d77d269 size = 1, maxSize = 32, parentContextCount = 0, hitCount = 0, missCount = 1]
09:43:21.278 [main] DEBUG org.springframework.beans.factory.support.DefaultListableBeanFactory - Creating shared instance of singleton bean 'org.springframework.orm.jpa.SharedEntityManagerCreator#0'
09:43:21.278 [main] DEBUG org.springframework.test.context.cache.DefaultCacheAwareContextLoaderDelegate - Retrieved ApplicationContext [4766562] from cache with key [[MergedContextConfiguration@6e9175d8 testClass = SampleTest, locations = '{}', classes = '{class evtest.sample.SampleTest$TestConfig}', contextInitializerClasses = '[]', activeProfiles = '{}', propertySourceLocations = '{}', propertySourceProperties = '{}', contextCustomizers = set[[empty]], contextLoader = 'org.springframework.test.context.support.DelegatingSmartContextLoader', parent = [null]]]
09:43:21.278 [main] DEBUG org.springframework.test.context.cache - Spring test ApplicationContext cache statistics: [DefaultContextCache@6d77d269 size = 1, maxSize = 32, parentContextCount = 0, hitCount = 1, missCount = 1]
09:43:21.278 [main] DEBUG org.springframework.test.context.support.AbstractDirtiesContextTestExecutionListener - Before test method: context [DefaultTestContext@78e4deb0 testClass = SampleTest, testInstance = evtest.sample.SampleTest@563f38c4, testMethod = sampleTest@SampleTest, testException = [null], mergedContextConfiguration = [MergedContextConfiguration@6e9175d8 testClass = SampleTest, locations = '{}', classes = '{class evtest.sample.SampleTest$TestConfig}', contextInitializerClasses = '[]', activeProfiles = '{}', propertySourceLocations = '{}', propertySourceProperties = '{}', contextCustomizers = set[[empty]], contextLoader = 'org.springframework.test.context.support.DelegatingSmartContextLoader', parent = [null]], attributes = map[[empty]]], class annotated with @DirtiesContext [false] with mode [null], method annotated with @DirtiesContext [false] with mode [null].
09:43:21.294 [main] DEBUG org.springframework.test.context.transaction.TransactionalTestExecutionListener - Explicit transaction definition [PROPAGATION_REQUIRED,ISOLATION_DEFAULT] found for test context [DefaultTestContext@78e4deb0 testClass = SampleTest, testInstance = evtest.sample.SampleTest@563f38c4, testMethod = sampleTest@SampleTest, testException = [null], mergedContextConfiguration = [MergedContextConfiguration@6e9175d8 testClass = SampleTest, locations = '{}', classes = '{class evtest.sample.SampleTest$TestConfig}', contextInitializerClasses = '[]', activeProfiles = '{}', propertySourceLocations = '{}', propertySourceProperties = '{}', contextCustomizers = set[[empty]], contextLoader = 'org.springframework.test.context.support.DelegatingSmartContextLoader', parent = [null]], attributes = map[[empty]]]
09:43:21.294 [main] DEBUG org.springframework.test.context.cache.DefaultCacheAwareContextLoaderDelegate - Retrieved ApplicationContext [4766562] from cache with key [[MergedContextConfiguration@6e9175d8 testClass = SampleTest, locations = '{}', classes = '{class evtest.sample.SampleTest$TestConfig}', contextInitializerClasses = '[]', activeProfiles = '{}', propertySourceLocations = '{}', propertySourceProperties = '{}', contextCustomizers = set[[empty]], contextLoader = 'org.springframework.test.context.support.DelegatingSmartContextLoader', parent = [null]]]
09:43:21.294 [main] DEBUG org.springframework.test.context.cache - Spring test ApplicationContext cache statistics: [DefaultContextCache@6d77d269 size = 1, maxSize = 32, parentContextCount = 0, hitCount = 2, missCount = 1]
09:43:21.294 [main] DEBUG org.springframework.test.context.transaction.TransactionalTestExecutionListener - No method-level @Rollback override: using default rollback [true] for test context [DefaultTestContext@78e4deb0 testClass = SampleTest, testInstance = evtest.sample.SampleTest@563f38c4, testMethod = sampleTest@SampleTest, testException = [null], mergedContextConfiguration = [MergedContextConfiguration@6e9175d8 testClass = SampleTest, locations = '{}', classes = '{class evtest.sample.SampleTest$TestConfig}', contextInitializerClasses = '[]', activeProfiles = '{}', propertySourceLocations = '{}', propertySourceProperties = '{}', contextCustomizers = set[[empty]], contextLoader = 'org.springframework.test.context.support.DelegatingSmartContextLoader', parent = [null]], attributes = map[[empty]]].
09:43:21.294 [main] DEBUG org.springframework.orm.jpa.JpaTransactionManager - Creating new transaction with name [evtest.sample.SampleTest.sampleTest]: PROPAGATION_REQUIRED,ISOLATION_DEFAULT
09:43:21.294 [main] DEBUG org.springframework.orm.jpa.JpaTransactionManager - Opened new EntityManager [SessionImpl(1168134992<open>)] for JPA transaction
09:43:21.294 [main] DEBUG org.hibernate.engine.transaction.internal.TransactionImpl - On TransactionImpl creation, JpaCompliance#isJpaTransactionComplianceEnabled == false
09:43:21.294 [main] DEBUG org.hibernate.engine.transaction.internal.TransactionImpl - begin
09:43:21.294 [main] DEBUG org.springframework.orm.jpa.JpaTransactionManager - Exposing JPA transaction as JDBC [org.springframework.orm.jpa.vendor.HibernateJpaDialect$HibernateConnectionHandle@423d662a]
09:43:21.294 [main] INFO org.springframework.test.context.transaction.TransactionContext - Began transaction (1) for test context [DefaultTestContext@78e4deb0 testClass = SampleTest, testInstance = evtest.sample.SampleTest@563f38c4, testMethod = sampleTest@SampleTest, testException = [null], mergedContextConfiguration = [MergedContextConfiguration@6e9175d8 testClass = SampleTest, locations = '{}', classes = '{class evtest.sample.SampleTest$TestConfig}', contextInitializerClasses = '[]', activeProfiles = '{}', propertySourceLocations = '{}', propertySourceProperties = '{}', contextCustomizers = set[[empty]], contextLoader = 'org.springframework.test.context.support.DelegatingSmartContextLoader', parent = [null]], attributes = map[[empty]]]; transaction manager [org.springframework.orm.jpa.JpaTransactionManager@33ccead]; rollback [true]
09:43:21.309 [main] DEBUG org.springframework.test.context.cache.DefaultCacheAwareContextLoaderDelegate - Retrieved ApplicationContext [4766562] from cache with key [[MergedContextConfiguration@6e9175d8 testClass = SampleTest, locations = '{}', classes = '{class evtest.sample.SampleTest$TestConfig}', contextInitializerClasses = '[]', activeProfiles = '{}', propertySourceLocations = '{}', propertySourceProperties = '{}', contextCustomizers = set[[empty]], contextLoader = 'org.springframework.test.context.support.DelegatingSmartContextLoader', parent = [null]]]
09:43:21.309 [main] DEBUG org.springframework.test.context.cache - Spring test ApplicationContext cache statistics: [DefaultContextCache@6d77d269 size = 1, maxSize = 32, parentContextCount = 0, hitCount = 3, missCount = 1]
09:43:21.309 [main] DEBUG org.hibernate.event.internal.AbstractSaveEventListener - Generated identifier: 1, using strategy: org.hibernate.id.Assigned
09:43:21.340 [main] DEBUG org.hibernate.event.internal.AbstractSaveEventListener - Generated identifier: 2, using strategy: org.hibernate.id.Assigned
09:43:21.340 [main] DEBUG org.hibernate.event.internal.AbstractSaveEventListener - Generated identifier: 3, using strategy: org.hibernate.id.Assigned
09:43:21.340 [main] DEBUG org.hibernate.event.internal.AbstractSaveEventListener - Generated identifier: 4, using strategy: org.hibernate.id.Assigned
09:43:21.340 [main] DEBUG org.hibernate.event.internal.AbstractSaveEventListener - Generated identifier: 5, using strategy: org.hibernate.id.Assigned
09:43:21.340 [main] DEBUG org.hibernate.event.internal.AbstractSaveEventListener - Generated identifier: 6, using strategy: org.hibernate.id.Assigned
09:43:21.340 [main] DEBUG org.hibernate.event.internal.AbstractSaveEventListener - Generated identifier: 7, using strategy: org.hibernate.id.Assigned
09:43:21.340 [main] DEBUG org.hibernate.event.internal.AbstractSaveEventListener - Generated identifier: 8, using strategy: org.hibernate.id.Assigned
09:43:21.340 [main] DEBUG org.springframework.test.context.cache.DefaultCacheAwareContextLoaderDelegate - Retrieved ApplicationContext [4766562] from cache with key [[MergedContextConfiguration@6e9175d8 testClass = SampleTest, locations = '{}', classes = '{class evtest.sample.SampleTest$TestConfig}', contextInitializerClasses = '[]', activeProfiles = '{}', propertySourceLocations = '{}', propertySourceProperties = '{}', contextCustomizers = set[[empty]], contextLoader = 'org.springframework.test.context.support.DelegatingSmartContextLoader', parent = [null]]]
09:43:21.340 [main] DEBUG org.springframework.test.context.cache - Spring test ApplicationContext cache statistics: [DefaultContextCache@6d77d269 size = 1, maxSize = 32, parentContextCount = 0, hitCount = 4, missCount = 1]
09:43:21.795 [main] DEBUG org.springframework.test.context.cache.DefaultCacheAwareContextLoaderDelegate - Retrieved ApplicationContext [4766562] from cache with key [[MergedContextConfiguration@6e9175d8 testClass = SampleTest, locations = '{}', classes = '{class evtest.sample.SampleTest$TestConfig}', contextInitializerClasses = '[]', activeProfiles = '{}', propertySourceLocations = '{}', propertySourceProperties = '{}', contextCustomizers = set[[empty]], contextLoader = 'org.springframework.test.context.support.DelegatingSmartContextLoader', parent = [null]]]
09:43:21.795 [main] DEBUG org.springframework.test.context.cache - Spring test ApplicationContext cache statistics: [DefaultContextCache@6d77d269 size = 1, maxSize = 32, parentContextCount = 0, hitCount = 5, missCount = 1]
09:43:21.795 [main] DEBUG org.springframework.test.context.cache.DefaultCacheAwareContextLoaderDelegate - Retrieved ApplicationContext [4766562] from cache with key [[MergedContextConfiguration@6e9175d8 testClass = SampleTest, locations = '{}', classes = '{class evtest.sample.SampleTest$TestConfig}', contextInitializerClasses = '[]', activeProfiles = '{}', propertySourceLocations = '{}', propertySourceProperties = '{}', contextCustomizers = set[[empty]], contextLoader = 'org.springframework.test.context.support.DelegatingSmartContextLoader', parent = [null]]]
09:43:21.810 [main] DEBUG org.springframework.test.context.cache - Spring test ApplicationContext cache statistics: [DefaultContextCache@6d77d269 size = 1, maxSize = 32, parentContextCount = 0, hitCount = 6, missCount = 1]
09:43:21.810 [main] DEBUG org.springframework.orm.jpa.JpaTransactionManager - Initiating transaction rollback
09:43:21.810 [main] DEBUG org.springframework.orm.jpa.JpaTransactionManager - Rolling back JPA transaction on EntityManager [SessionImpl(1168134992<open>)]
09:43:21.810 [main] DEBUG org.hibernate.engine.transaction.internal.TransactionImpl - rolling back
09:43:21.810 [main] DEBUG org.springframework.orm.jpa.JpaTransactionManager - Closing JPA EntityManager [SessionImpl(1168134992<open>)] after transaction
09:43:21.810 [main] INFO org.springframework.test.context.transaction.TransactionContext - Rolled back transaction for test: [DefaultTestContext@78e4deb0 testClass = SampleTest, testInstance = evtest.sample.SampleTest@563f38c4, testMethod = sampleTest@SampleTest, testException = java.lang.IllegalArgumentException: Attribute 'valueA' not found on type 'RefType', mergedContextConfiguration = [MergedContextConfiguration@6e9175d8 testClass = SampleTest, locations = '{}', classes = '{class evtest.sample.SampleTest$TestConfig}', contextInitializerClasses = '[]', activeProfiles = '{}', propertySourceLocations = '{}', propertySourceProperties = '{}', contextCustomizers = set[[empty]], contextLoader = 'org.springframework.test.context.support.DelegatingSmartContextLoader', parent = [null]], attributes = map[[empty]]]
09:43:21.810 [main] DEBUG org.springframework.test.context.support.AbstractDirtiesContextTestExecutionListener - After test method: context [DefaultTestContext@78e4deb0 testClass = SampleTest, testInstance = evtest.sample.SampleTest@563f38c4, testMethod = sampleTest@SampleTest, testException = java.lang.IllegalArgumentException: Attribute 'valueA' not found on type 'RefType', mergedContextConfiguration = [MergedContextConfiguration@6e9175d8 testClass = SampleTest, locations = '{}', classes = '{class evtest.sample.SampleTest$TestConfig}', contextInitializerClasses = '[]', activeProfiles = '{}', propertySourceLocations = '{}', propertySourceProperties = '{}', contextCustomizers = set[[empty]], contextLoader = 'org.springframework.test.context.support.DelegatingSmartContextLoader', parent = [null]], attributes = map[[empty]]], class annotated with @DirtiesContext [false] with mode [null], method annotated with @DirtiesContext [false] with mode [null].
]]></system-out>
    <system-err><![CDATA[Mar 11, 2021 9:43:19 AM com.blazebit.persistence.impl.CriteriaBuilderConfigurationProviderImpl createConfiguration
INFO: Blaze-Persistence version: Blaze-Persistence 'Lockjaw' 1.6.0-Alpha2
Mar 11, 2021 9:43:19 AM com.blazebit.persistence.integration.hibernate.base.function.AbstractHibernateEntityManagerFactoryIntegrator registerFunctions
WARNING: Could not register the function 'json_get' because there is neither an implementation for the dbms 'h2' nor a default implementation!
Mar 11, 2021 9:43:19 AM com.blazebit.persistence.integration.hibernate.base.function.AbstractHibernateEntityManagerFactoryIntegrator registerFunctions
WARNING: Could not register the function 'json_set' because there is neither an implementation for the dbms 'h2' nor a default implementation!
Mar 11, 2021 9:43:19 AM com.blazebit.annotation.AnnotationUtils <clinit>
WARNING: Stereotype annotation can not be found, skipping annotation inheritance via stereotype.
Mar 11, 2021 9:43:20 AM com.blazebit.persistence.view.impl.metamodel.ViewTypeImpl <init>
WARNING: The view class evtest.view.ref.RefTypeViewBase is defined for an abstract or non-entity type which is why id-based equality can't be checked on a user provided instance. If you don't need that, you can ignore this warning.
Mar 11, 2021 9:43:20 AM com.blazebit.persistence.view.impl.metamodel.ViewTypeImpl <init>
WARNING: The view class evtest.view.ref.RefTypeView is defined for an abstract or non-entity type which is why id-based equality can't be checked on a user provided instance. If you don't need that, you can ignore this warning.
Mar 11, 2021 9:43:20 AM com.blazebit.persistence.view.impl.metamodel.ViewTypeImpl <init>
WARNING: The view class evtest.view.item.ItemTypeView is defined for an abstract or non-entity type which is why id-based equality can't be checked on a user provided instance. If you don't need that, you can ignore this warning.
Mar 11, 2021 9:43:20 AM com.blazebit.persistence.view.impl.metamodel.ViewTypeImpl <init>
WARNING: The view class evtest.view.item.ItemTypeBaseView is defined for an abstract or non-entity type which is why id-based equality can't be checked on a user provided instance. If you don't need that, you can ignore this warning.
]]></system-err>
  </testcase>
</testsuite>